<?xml version="1.0" encoding="UTF-8"?>
<testsuite name="com.mj.mysns.user.entity.UserAddressTest" tests="2" skipped="0" failures="0" errors="0" timestamp="2024-04-09T05:31:00" hostname="gimminje-ui-MacBookPro.local" time="0.001">
  <properties/>
  <testcase name="constructor_NullAddress_ThrowsException()" classname="com.mj.mysns.user.entity.UserAddressTest" time="0.0"/>
  <testcase name="constructor_NullUser_ThrowsException()" classname="com.mj.mysns.user.entity.UserAddressTest" time="0.0"/>
  <system-out><![CDATA[]]></system-out>
  <system-err><![CDATA[]]></system-err>
</testsuite>
