<?xml version="1.0" encoding="UTF-8"?>
<testsuite name="com.mj.mysns.user.repository.CustomizedUserRepositoryImplTest" tests="6" skipped="0" failures="0" errors="0" timestamp="2024-04-09T05:31:05" hostname="gimminje-ui-MacBookPro.local" time="0.983">
  <properties/>
  <testcase name="findUserProfile_UsernameExists_ReturnUser()" classname="com.mj.mysns.user.repository.CustomizedUserRepositoryImplTest" time="0.479"/>
  <testcase name="findFriends_AfterAccept_BecomeFriends()" classname="com.mj.mysns.user.repository.CustomizedUserRepositoryImplTest" time="0.186"/>
  <testcase name="findFriends_BeforeAccept_NotFriends()" classname="com.mj.mysns.user.repository.CustomizedUserRepositoryImplTest" time="0.075"/>
  <testcase name="findFriendsRequestsFromMe_BeforeAccept_RequestStatus()" classname="com.mj.mysns.user.repository.CustomizedUserRepositoryImplTest" time="0.097"/>
  <testcase name="findUserProfile_ListUserDto_ReturnListUser()" classname="com.mj.mysns.user.repository.CustomizedUserRepositoryImplTest" time="0.088"/>
  <testcase name="findUserProfile_NotExistsUsername_ReturnEmpty()" classname="com.mj.mysns.user.repository.CustomizedUserRepositoryImplTest" time="0.055"/>
  <system-out><![CDATA[2024-04-09T14:31:00.831+09:00  INFO 8392 --- [    Test worker] t.c.s.AnnotationConfigContextLoaderUtils : Could not detect default configuration classes for test class [com.mj.mysns.user.repository.CustomizedUserRepositoryImplTest]: CustomizedUserRepositoryImplTest does not declare any static, non-private, non-final, nested classes annotated with @Configuration.
2024-04-09T14:31:00.847+09:00  INFO 8392 --- [    Test worker] .b.t.c.SpringBootTestContextBootstrapper : Found @SpringBootConfiguration com.mj.mysns.MySnsApplication for test class com.mj.mysns.user.repository.CustomizedUserRepositoryImplTest

  .   ____          _            __ _ _
 /\\ / ___'_ __ _ _(_)_ __  __ _ \ \ \ \
( ( )\___ | '_ | '_| | '_ \/ _` | \ \ \ \
 \\/  ___)| |_)| | | | | || (_| |  ) ) ) )
  '  |____| .__|_| |_|_| |_\__, | / / / /
 =========|_|==============|___/=/_/_/_/
 :: Spring Boot ::                (v3.2.3)

2024-04-09T14:31:00.870+09:00  INFO 8392 --- [    Test worker] m.m.u.r.CustomizedUserRepositoryImplTest : Starting CustomizedUserRepositoryImplTest using Java 21.0.2 with PID 8392 (started by mj in /Users/mj/work/sns/server)
2024-04-09T14:31:00.870+09:00  INFO 8392 --- [    Test worker] m.m.u.r.CustomizedUserRepositoryImplTest : No active profile set, falling back to 1 default profile: "default"
2024-04-09T14:31:00.943+09:00  INFO 8392 --- [    Test worker] .s.d.r.c.RepositoryConfigurationDelegate : Bootstrapping Spring Data JPA repositories in DEFAULT mode.
2024-04-09T14:31:00.956+09:00  INFO 8392 --- [    Test worker] .s.d.r.c.RepositoryConfigurationDelegate : Finished Spring Data repository scanning in 13 ms. Found 4 JPA repository interfaces.
2024-04-09T14:31:01.009+09:00  INFO 8392 --- [    Test worker] tc.postgis/postgis:16-master             : Creating container for image: postgis/postgis:16-master
2024-04-09T14:31:01.010+09:00  WARN 8392 --- [    Test worker] tc.postgis/postgis:16-master             : Reuse was requested but the environment does not support the reuse of containers
To enable reuse of containers, you must set 'testcontainers.reuse.enable=true' in a file located at /Users/mj/.testcontainers.properties
2024-04-09T14:31:01.112+09:00  INFO 8392 --- [    Test worker] tc.postgis/postgis:16-master             : Container postgis/postgis:16-master is starting: d0efece6496dea3568ad19fabb97493188742b2785feac0753f696b7d3bd6eaf
2024-04-09T14:31:01.279+09:00  WARN 8392 --- [    Test worker] tc.postgis/postgis:16-master             : The architecture 'amd64' for image 'postgis/postgis:16-master' (ID sha256:79a8bdd52894a2d2915ce64fdab57a75b921d2f02f952c43fd20a3bbe5011147) does not match the Docker server architecture 'arm64'. This will cause the container to execute much more slowly due to emulation and may lead to timeout failures.
2024-04-09T14:31:05.007+09:00  INFO 8392 --- [    Test worker] tc.postgis/postgis:16-master             : Container postgis/postgis:16-master started in PT3.997849S
2024-04-09T14:31:05.008+09:00  INFO 8392 --- [    Test worker] tc.postgis/postgis:16-master             : Container is started (JDBC URL: jdbc:postgresql://localhost:57349/mj?loggerLevel=OFF)
2024-04-09T14:31:05.008+09:00  INFO 8392 --- [    Test worker] com.zaxxer.hikari.HikariDataSource       : HikariPool-2 - Starting...
2024-04-09T14:31:05.048+09:00  INFO 8392 --- [    Test worker] com.zaxxer.hikari.pool.HikariPool        : HikariPool-2 - Added connection org.postgresql.jdbc.PgConnection@698e8eaa
2024-04-09T14:31:05.048+09:00  INFO 8392 --- [    Test worker] com.zaxxer.hikari.HikariDataSource       : HikariPool-2 - Start completed.
2024-04-09T14:31:05.058+09:00  INFO 8392 --- [    Test worker] o.hibernate.jpa.internal.util.LogHelper  : HHH000204: Processing PersistenceUnitInfo [name: default]
2024-04-09T14:31:05.060+09:00  INFO 8392 --- [    Test worker] o.h.spatial.integration.SpatialService   : HHH80000001: hibernate-spatial integration enabled : true
2024-04-09T14:31:05.060+09:00  INFO 8392 --- [    Test worker] o.h.c.internal.RegionFactoryInitiator    : HHH000026: Second-level cache disabled
2024-04-09T14:31:05.088+09:00  INFO 8392 --- [    Test worker] org.hibernate.spatial                    : HHH80000003: hibernate-spatial adding type contributions from : org.hibernate.spatial.dialect.postgis.PostgisDialectContributor
2024-04-09T14:31:05.090+09:00  INFO 8392 --- [    Test worker] o.s.o.j.p.SpringPersistenceUnitInfo      : No LoadTimeWeaver setup: ignoring JPA class transformer
2024-04-09T14:31:05.090+09:00  INFO 8392 --- [    Test worker] org.hibernate.spatial                    : HHH80000003: hibernate-spatial adding type contributions from : org.hibernate.spatial.dialect.postgis.PostgisDialectContributor
2024-04-09T14:31:05.136+09:00  INFO 8392 --- [    Test worker] org.hibernate.spatial                    : HHH80000004: hibernate-spatial adding function contributions from : org.hibernate.spatial.dialect.postgis.PostgisDialectContributor
2024-04-09T14:31:05.196+09:00  INFO 8392 --- [    Test worker] o.h.e.t.j.p.i.JtaPlatformInitiator       : HHH000489: No JTA platform available (set 'hibernate.transaction.jta.platform' to enable JTA platform integration)
Hibernate: 
    alter table if exists chat_message 
       drop constraint if exists FKax7xe8g71nf0wvpoychqkqeid
2024-04-09T14:31:05.196+09:00  INFO 8392 --- [    Test worker] org.hibernate.orm.connections.access     : HHH10001501: Connection obtained from JdbcConnectionAccess [org.hibernate.engine.jdbc.env.internal.JdbcEnvironmentInitiator$ConnectionProviderJdbcConnectionAccess@5bf42283] for (non-JTA) DDL execution was not in auto-commit mode; the Connection 'local transaction' will be committed and the Connection will be set into auto-commit mode.

Name:DATA_SOURCE_PROXY, Connection:2, Time:2, Success:True
Type:Statement, Batch:False, QuerySize:1, BatchSize:0
Query:["
    alter table if exists chat_message         drop constraint if exists FKax7xe8g71nf0wvpoychqkqeid"]
Params:[]
2024-04-09T14:31:05.198+09:00  WARN 8392 --- [    Test worker] o.h.engine.jdbc.spi.SqlExceptionHelper   : SQL Warning Code: 0, SQLState: 00000
2024-04-09T14:31:05.198+09:00  WARN 8392 --- [    Test worker] o.h.engine.jdbc.spi.SqlExceptionHelper   : relation "chat_message" does not exist, skipping
Hibernate: 
    alter table if exists chat_user 
       drop constraint if exists FKd5rjaiv0u3482r2pu22ky6h1v

Name:DATA_SOURCE_PROXY, Connection:2, Time:0, Success:True
Type:Statement, Batch:False, QuerySize:1, BatchSize:0
Query:["
    alter table if exists chat_user         drop constraint if exists FKd5rjaiv0u3482r2pu22ky6h1v"]
Params:[]
2024-04-09T14:31:05.200+09:00  WARN 8392 --- [    Test worker] o.h.engine.jdbc.spi.SqlExceptionHelper   : SQL Warning Code: 0, SQLState: 00000
2024-04-09T14:31:05.200+09:00  WARN 8392 --- [    Test worker] o.h.engine.jdbc.spi.SqlExceptionHelper   : relation "chat_user" does not exist, skipping
Hibernate: 
    alter table if exists comment 
       drop constraint if exists FK7jok1s6lywoh0srylq8lt7tmn

Name:DATA_SOURCE_PROXY, Connection:2, Time:1, Success:True
Type:Statement, Batch:False, QuerySize:1, BatchSize:0
Query:["
    alter table if exists comment         drop constraint if exists FK7jok1s6lywoh0srylq8lt7tmn"]
Params:[]
2024-04-09T14:31:05.201+09:00  WARN 8392 --- [    Test worker] o.h.engine.jdbc.spi.SqlExceptionHelper   : SQL Warning Code: 0, SQLState: 00000
2024-04-09T14:31:05.201+09:00  WARN 8392 --- [    Test worker] o.h.engine.jdbc.spi.SqlExceptionHelper   : relation "comment" does not exist, skipping
Hibernate: 
    alter table if exists comment 
       drop constraint if exists FKqm52p1v3o13hy268he0wcngr5

Name:DATA_SOURCE_PROXY, Connection:2, Time:1, Success:True
Type:Statement, Batch:False, QuerySize:1, BatchSize:0
Query:["
    alter table if exists comment         drop constraint if exists FKqm52p1v3o13hy268he0wcngr5"]
Params:[]
2024-04-09T14:31:05.202+09:00  WARN 8392 --- [    Test worker] o.h.engine.jdbc.spi.SqlExceptionHelper   : SQL Warning Code: 0, SQLState: 00000
2024-04-09T14:31:05.202+09:00  WARN 8392 --- [    Test worker] o.h.engine.jdbc.spi.SqlExceptionHelper   : relation "comment" does not exist, skipping
Hibernate: 
    alter table if exists post_access_list 
       drop constraint if exists FKqmmj3blhugw5cvknalmeiftg7

Name:DATA_SOURCE_PROXY, Connection:2, Time:1, Success:True
Type:Statement, Batch:False, QuerySize:1, BatchSize:0
Query:["
    alter table if exists post_access_list         drop constraint if exists FKqmmj3blhugw5cvknalmeiftg7"]
Params:[]
2024-04-09T14:31:05.203+09:00  WARN 8392 --- [    Test worker] o.h.engine.jdbc.spi.SqlExceptionHelper   : SQL Warning Code: 0, SQLState: 00000
2024-04-09T14:31:05.203+09:00  WARN 8392 --- [    Test worker] o.h.engine.jdbc.spi.SqlExceptionHelper   : relation "post_access_list" does not exist, skipping
Hibernate: 
    alter table if exists post_access_list 
       drop constraint if exists FKnxdn37d2ahg9hihr8nhe7hc8o

Name:DATA_SOURCE_PROXY, Connection:2, Time:1, Success:True
Type:Statement, Batch:False, QuerySize:1, BatchSize:0
Query:["
    alter table if exists post_access_list         drop constraint if exists FKnxdn37d2ahg9hihr8nhe7hc8o"]
Params:[]
2024-04-09T14:31:05.204+09:00  WARN 8392 --- [    Test worker] o.h.engine.jdbc.spi.SqlExceptionHelper   : SQL Warning Code: 0, SQLState: 00000
2024-04-09T14:31:05.204+09:00  WARN 8392 --- [    Test worker] o.h.engine.jdbc.spi.SqlExceptionHelper   : relation "post_access_list" does not exist, skipping
Hibernate: 
    alter table if exists post_file 
       drop constraint if exists FKk08pgr1gtb7sg0dpsh6pdinc

Name:DATA_SOURCE_PROXY, Connection:2, Time:0, Success:True
Type:Statement, Batch:False, QuerySize:1, BatchSize:0
Query:["
    alter table if exists post_file         drop constraint if exists FKk08pgr1gtb7sg0dpsh6pdinc"]
Params:[]
2024-04-09T14:31:05.205+09:00  WARN 8392 --- [    Test worker] o.h.engine.jdbc.spi.SqlExceptionHelper   : SQL Warning Code: 0, SQLState: 00000
2024-04-09T14:31:05.205+09:00  WARN 8392 --- [    Test worker] o.h.engine.jdbc.spi.SqlExceptionHelper   : relation "post_file" does not exist, skipping
Hibernate: 
    alter table if exists posts 
       drop constraint if exists FK7dxs9b8l6uggpac4rvy1x6gl

Name:DATA_SOURCE_PROXY, Connection:2, Time:0, Success:True
Type:Statement, Batch:False, QuerySize:1, BatchSize:0
Query:["
    alter table if exists posts         drop constraint if exists FK7dxs9b8l6uggpac4rvy1x6gl"]
Params:[]
2024-04-09T14:31:05.206+09:00  WARN 8392 --- [    Test worker] o.h.engine.jdbc.spi.SqlExceptionHelper   : SQL Warning Code: 0, SQLState: 00000
2024-04-09T14:31:05.206+09:00  WARN 8392 --- [    Test worker] o.h.engine.jdbc.spi.SqlExceptionHelper   : relation "posts" does not exist, skipping
Hibernate: 
    alter table if exists posts 
       drop constraint if exists FK5lidm6cqbc7u4xhqpxm898qme

Name:DATA_SOURCE_PROXY, Connection:2, Time:0, Success:True
Type:Statement, Batch:False, QuerySize:1, BatchSize:0
Query:["
    alter table if exists posts         drop constraint if exists FK5lidm6cqbc7u4xhqpxm898qme"]
Params:[]
2024-04-09T14:31:05.206+09:00  WARN 8392 --- [    Test worker] o.h.engine.jdbc.spi.SqlExceptionHelper   : SQL Warning Code: 0, SQLState: 00000
2024-04-09T14:31:05.206+09:00  WARN 8392 --- [    Test worker] o.h.engine.jdbc.spi.SqlExceptionHelper   : relation "posts" does not exist, skipping
Hibernate: 
    alter table if exists user_address 
       drop constraint if exists FKdaaxogn1ss81gkcsdn05wi6jp

Name:DATA_SOURCE_PROXY, Connection:2, Time:1, Success:True
Type:Statement, Batch:False, QuerySize:1, BatchSize:0
Query:["
    alter table if exists user_address         drop constraint if exists FKdaaxogn1ss81gkcsdn05wi6jp"]
Params:[]
2024-04-09T14:31:05.207+09:00  WARN 8392 --- [    Test worker] o.h.engine.jdbc.spi.SqlExceptionHelper   : SQL Warning Code: 0, SQLState: 00000
2024-04-09T14:31:05.207+09:00  WARN 8392 --- [    Test worker] o.h.engine.jdbc.spi.SqlExceptionHelper   : relation "user_address" does not exist, skipping
Hibernate: 
    alter table if exists user_address 
       drop constraint if exists FKrmincuqpi8m660j1c57xj7twr

Name:DATA_SOURCE_PROXY, Connection:2, Time:0, Success:True
Type:Statement, Batch:False, QuerySize:1, BatchSize:0
Query:["
    alter table if exists user_address         drop constraint if exists FKrmincuqpi8m660j1c57xj7twr"]
Params:[]
2024-04-09T14:31:05.208+09:00  WARN 8392 --- [    Test worker] o.h.engine.jdbc.spi.SqlExceptionHelper   : SQL Warning Code: 0, SQLState: 00000
2024-04-09T14:31:05.208+09:00  WARN 8392 --- [    Test worker] o.h.engine.jdbc.spi.SqlExceptionHelper   : relation "user_address" does not exist, skipping
Hibernate: 
    alter table if exists user_file 
       drop constraint if exists FKh1krys90pkckq8s4c3n3ku87v

Name:DATA_SOURCE_PROXY, Connection:2, Time:1, Success:True
Type:Statement, Batch:False, QuerySize:1, BatchSize:0
Query:["
    alter table if exists user_file         drop constraint if exists FKh1krys90pkckq8s4c3n3ku87v"]
Params:[]
2024-04-09T14:31:05.209+09:00  WARN 8392 --- [    Test worker] o.h.engine.jdbc.spi.SqlExceptionHelper   : SQL Warning Code: 0, SQLState: 00000
2024-04-09T14:31:05.209+09:00  WARN 8392 --- [    Test worker] o.h.engine.jdbc.spi.SqlExceptionHelper   : relation "user_file" does not exist, skipping
Hibernate: 
    alter table if exists user_friend 
       drop constraint if exists FK7nr1nne86nobaxtkpanlmwvca

Name:DATA_SOURCE_PROXY, Connection:2, Time:1, Success:True
Type:Statement, Batch:False, QuerySize:1, BatchSize:0
Query:["
    alter table if exists user_friend         drop constraint if exists FK7nr1nne86nobaxtkpanlmwvca"]
Params:[]
2024-04-09T14:31:05.210+09:00  WARN 8392 --- [    Test worker] o.h.engine.jdbc.spi.SqlExceptionHelper   : SQL Warning Code: 0, SQLState: 00000
2024-04-09T14:31:05.210+09:00  WARN 8392 --- [    Test worker] o.h.engine.jdbc.spi.SqlExceptionHelper   : relation "user_friend" does not exist, skipping
Hibernate: 
    alter table if exists user_friend 
       drop constraint if exists FK53ggobc81aytkkqkej6c9vv23

Name:DATA_SOURCE_PROXY, Connection:2, Time:1, Success:True
Type:Statement, Batch:False, QuerySize:1, BatchSize:0
Query:["
    alter table if exists user_friend         drop constraint if exists FK53ggobc81aytkkqkej6c9vv23"]
Params:[]
2024-04-09T14:31:05.211+09:00  WARN 8392 --- [    Test worker] o.h.engine.jdbc.spi.SqlExceptionHelper   : SQL Warning Code: 0, SQLState: 00000
2024-04-09T14:31:05.211+09:00  WARN 8392 --- [    Test worker] o.h.engine.jdbc.spi.SqlExceptionHelper   : relation "user_friend" does not exist, skipping
Hibernate: 
    drop table if exists address cascade

Name:DATA_SOURCE_PROXY, Connection:2, Time:1, Success:True
Type:Statement, Batch:False, QuerySize:1, BatchSize:0
Query:["
    drop table if exists address cascade"]
Params:[]
2024-04-09T14:31:05.212+09:00  WARN 8392 --- [    Test worker] o.h.engine.jdbc.spi.SqlExceptionHelper   : SQL Warning Code: 0, SQLState: 00000
2024-04-09T14:31:05.212+09:00  WARN 8392 --- [    Test worker] o.h.engine.jdbc.spi.SqlExceptionHelper   : table "address" does not exist, skipping
Hibernate: 
    drop table if exists chat cascade

Name:DATA_SOURCE_PROXY, Connection:2, Time:0, Success:True
Type:Statement, Batch:False, QuerySize:1, BatchSize:0
Query:["
    drop table if exists chat cascade"]
Params:[]
2024-04-09T14:31:05.213+09:00  WARN 8392 --- [    Test worker] o.h.engine.jdbc.spi.SqlExceptionHelper   : SQL Warning Code: 0, SQLState: 00000
2024-04-09T14:31:05.213+09:00  WARN 8392 --- [    Test worker] o.h.engine.jdbc.spi.SqlExceptionHelper   : table "chat" does not exist, skipping
Hibernate: 
    drop table if exists chat_message cascade

Name:DATA_SOURCE_PROXY, Connection:2, Time:1, Success:True
Type:Statement, Batch:False, QuerySize:1, BatchSize:0
Query:["
    drop table if exists chat_message cascade"]
Params:[]
2024-04-09T14:31:05.214+09:00  WARN 8392 --- [    Test worker] o.h.engine.jdbc.spi.SqlExceptionHelper   : SQL Warning Code: 0, SQLState: 00000
2024-04-09T14:31:05.214+09:00  WARN 8392 --- [    Test worker] o.h.engine.jdbc.spi.SqlExceptionHelper   : table "chat_message" does not exist, skipping
Hibernate: 
    drop table if exists chat_user cascade

Name:DATA_SOURCE_PROXY, Connection:2, Time:1, Success:True
Type:Statement, Batch:False, QuerySize:1, BatchSize:0
Query:["
    drop table if exists chat_user cascade"]
Params:[]
2024-04-09T14:31:05.215+09:00  WARN 8392 --- [    Test worker] o.h.engine.jdbc.spi.SqlExceptionHelper   : SQL Warning Code: 0, SQLState: 00000
2024-04-09T14:31:05.215+09:00  WARN 8392 --- [    Test worker] o.h.engine.jdbc.spi.SqlExceptionHelper   : table "chat_user" does not exist, skipping
Hibernate: 
    drop table if exists comment cascade

Name:DATA_SOURCE_PROXY, Connection:2, Time:1, Success:True
Type:Statement, Batch:False, QuerySize:1, BatchSize:0
Query:["
    drop table if exists comment cascade"]
Params:[]
2024-04-09T14:31:05.216+09:00  WARN 8392 --- [    Test worker] o.h.engine.jdbc.spi.SqlExceptionHelper   : SQL Warning Code: 0, SQLState: 00000
2024-04-09T14:31:05.216+09:00  WARN 8392 --- [    Test worker] o.h.engine.jdbc.spi.SqlExceptionHelper   : table "comment" does not exist, skipping
Hibernate: 
    drop table if exists post_access_list cascade

Name:DATA_SOURCE_PROXY, Connection:2, Time:1, Success:True
Type:Statement, Batch:False, QuerySize:1, BatchSize:0
Query:["
    drop table if exists post_access_list cascade"]
Params:[]
2024-04-09T14:31:05.217+09:00  WARN 8392 --- [    Test worker] o.h.engine.jdbc.spi.SqlExceptionHelper   : SQL Warning Code: 0, SQLState: 00000
2024-04-09T14:31:05.217+09:00  WARN 8392 --- [    Test worker] o.h.engine.jdbc.spi.SqlExceptionHelper   : table "post_access_list" does not exist, skipping
Hibernate: 
    drop table if exists post_file cascade

Name:DATA_SOURCE_PROXY, Connection:2, Time:1, Success:True
Type:Statement, Batch:False, QuerySize:1, BatchSize:0
Query:["
    drop table if exists post_file cascade"]
Params:[]
2024-04-09T14:31:05.218+09:00  WARN 8392 --- [    Test worker] o.h.engine.jdbc.spi.SqlExceptionHelper   : SQL Warning Code: 0, SQLState: 00000
2024-04-09T14:31:05.218+09:00  WARN 8392 --- [    Test worker] o.h.engine.jdbc.spi.SqlExceptionHelper   : table "post_file" does not exist, skipping
Hibernate: 
    drop table if exists posts cascade

Name:DATA_SOURCE_PROXY, Connection:2, Time:1, Success:True
Type:Statement, Batch:False, QuerySize:1, BatchSize:0
Query:["
    drop table if exists posts cascade"]
Params:[]
2024-04-09T14:31:05.219+09:00  WARN 8392 --- [    Test worker] o.h.engine.jdbc.spi.SqlExceptionHelper   : SQL Warning Code: 0, SQLState: 00000
2024-04-09T14:31:05.219+09:00  WARN 8392 --- [    Test worker] o.h.engine.jdbc.spi.SqlExceptionHelper   : table "posts" does not exist, skipping
Hibernate: 
    drop table if exists test_address cascade

Name:DATA_SOURCE_PROXY, Connection:2, Time:1, Success:True
Type:Statement, Batch:False, QuerySize:1, BatchSize:0
Query:["
    drop table if exists test_address cascade"]
Params:[]
2024-04-09T14:31:05.220+09:00  WARN 8392 --- [    Test worker] o.h.engine.jdbc.spi.SqlExceptionHelper   : SQL Warning Code: 0, SQLState: 00000
2024-04-09T14:31:05.220+09:00  WARN 8392 --- [    Test worker] o.h.engine.jdbc.spi.SqlExceptionHelper   : table "test_address" does not exist, skipping
Hibernate: 
    drop table if exists user_address cascade

Name:DATA_SOURCE_PROXY, Connection:2, Time:1, Success:True
Type:Statement, Batch:False, QuerySize:1, BatchSize:0
Query:["
    drop table if exists user_address cascade"]
Params:[]
2024-04-09T14:31:05.221+09:00  WARN 8392 --- [    Test worker] o.h.engine.jdbc.spi.SqlExceptionHelper   : SQL Warning Code: 0, SQLState: 00000
2024-04-09T14:31:05.221+09:00  WARN 8392 --- [    Test worker] o.h.engine.jdbc.spi.SqlExceptionHelper   : table "user_address" does not exist, skipping
Hibernate: 
    drop table if exists user_file cascade

Name:DATA_SOURCE_PROXY, Connection:2, Time:1, Success:True
Type:Statement, Batch:False, QuerySize:1, BatchSize:0
Query:["
    drop table if exists user_file cascade"]
Params:[]
2024-04-09T14:31:05.222+09:00  WARN 8392 --- [    Test worker] o.h.engine.jdbc.spi.SqlExceptionHelper   : SQL Warning Code: 0, SQLState: 00000
2024-04-09T14:31:05.222+09:00  WARN 8392 --- [    Test worker] o.h.engine.jdbc.spi.SqlExceptionHelper   : table "user_file" does not exist, skipping
Hibernate: 
    drop table if exists user_friend cascade

Name:DATA_SOURCE_PROXY, Connection:2, Time:0, Success:True
Type:Statement, Batch:False, QuerySize:1, BatchSize:0
Query:["
    drop table if exists user_friend cascade"]
Params:[]
2024-04-09T14:31:05.223+09:00  WARN 8392 --- [    Test worker] o.h.engine.jdbc.spi.SqlExceptionHelper   : SQL Warning Code: 0, SQLState: 00000
2024-04-09T14:31:05.223+09:00  WARN 8392 --- [    Test worker] o.h.engine.jdbc.spi.SqlExceptionHelper   : table "user_friend" does not exist, skipping
Hibernate: 
    drop table if exists users cascade

Name:DATA_SOURCE_PROXY, Connection:2, Time:0, Success:True
Type:Statement, Batch:False, QuerySize:1, BatchSize:0
Query:["
    drop table if exists users cascade"]
Params:[]
2024-04-09T14:31:05.224+09:00  WARN 8392 --- [    Test worker] o.h.engine.jdbc.spi.SqlExceptionHelper   : SQL Warning Code: 0, SQLState: 00000
2024-04-09T14:31:05.224+09:00  WARN 8392 --- [    Test worker] o.h.engine.jdbc.spi.SqlExceptionHelper   : table "users" does not exist, skipping
Hibernate: 
    create table address (
        created_at timestamp(6) not null,
        id bigserial not null,
        meta_created_at timestamp(6),
        meta_deleted_at timestamp(6),
        meta_modified_at timestamp(6),
        modified_at timestamp(6),
        version bigint,
        code varchar(255) unique,
        eupmyundong varchar(255),
        gungu varchar(255),
        li varchar(255),
        prev_code varchar(255),
        sido varchar(255),
        sunwi varchar(255),
        centerg geometry(Point, 4326) not null,
        centerp geometry(Point, 5179) not null,
        geog geometry(Geometry, 4326) not null,
        geop geometry(Geometry, 5179) not null,
        primary key (id)
    )
2024-04-09T14:31:05.224+09:00  INFO 8392 --- [    Test worker] org.hibernate.orm.connections.access     : HHH10001501: Connection obtained from JdbcConnectionAccess [org.hibernate.engine.jdbc.env.internal.JdbcEnvironmentInitiator$ConnectionProviderJdbcConnectionAccess@2267faa3] for (non-JTA) DDL execution was not in auto-commit mode; the Connection 'local transaction' will be committed and the Connection will be set into auto-commit mode.

Name:DATA_SOURCE_PROXY, Connection:3, Time:35, Success:True
Type:Statement, Batch:False, QuerySize:1, BatchSize:0
Query:["
    create table address (         created_at timestamp(6) not null,         id bigserial not null,         meta_created_at timestamp(6),         meta_deleted_at timestamp(6),         meta_modified_at timestamp(6),         modified_at timestamp(6),         version bigint,         code varchar(255) unique,         eupmyundong varchar(255),         gungu varchar(255),         li varchar(255),         prev_code varchar(255),         sido varchar(255),         sunwi varchar(255),         centerg geometry(Point, 4326) not null,         centerp geometry(Point, 5179) not null,         geog geometry(Geometry, 4326) not null,         geop geometry(Geometry, 5179) not null,         primary key (id)     )"]
Params:[]
Hibernate: 
    create table chat (
        created_at timestamp(6) not null,
        id bigserial not null,
        modified_at timestamp(6),
        version bigint,
        status varchar(255) check (status in ('OPEN','CLOSED')),
        primary key (id)
    )

Name:DATA_SOURCE_PROXY, Connection:3, Time:5, Success:True
Type:Statement, Batch:False, QuerySize:1, BatchSize:0
Query:["
    create table chat (         created_at timestamp(6) not null,         id bigserial not null,         modified_at timestamp(6),         version bigint,         status varchar(255) check (status in ('OPEN', 'CLOSED')),         primary key (id)     )"]
Params:[]
Hibernate: 
    create table chat_message (
        chat_id bigint,
        created_at timestamp(6) not null,
        id bigserial not null,
        modified_at timestamp(6),
        version bigint,
        message varchar(255),
        sender varchar(255),
        primary key (id)
    )

Name:DATA_SOURCE_PROXY, Connection:3, Time:2, Success:True
Type:Statement, Batch:False, QuerySize:1, BatchSize:0
Query:["
    create table chat_message (         chat_id bigint,         created_at timestamp(6) not null,         id bigserial not null,         modified_at timestamp(6),         version bigint,         message varchar(255),         sender varchar(255),         primary key (id)     )"]
Params:[]
Hibernate: 
    create table chat_user (
        chat_id bigint,
        created_at timestamp(6) not null,
        id bigserial not null,
        modified_at timestamp(6),
        version bigint,
        username varchar(255),
        primary key (id)
    )

Name:DATA_SOURCE_PROXY, Connection:3, Time:2, Success:True
Type:Statement, Batch:False, QuerySize:1, BatchSize:0
Query:["
    create table chat_user (         chat_id bigint,         created_at timestamp(6) not null,         id bigserial not null,         modified_at timestamp(6),         version bigint,         username varchar(255),         primary key (id)     )"]
Params:[]
Hibernate: 
    create table comment (
        created_at timestamp(6) not null,
        id bigserial not null,
        modified_at timestamp(6),
        post_id bigint,
        user_id bigint,
        version bigint,
        content varchar(500),
        status varchar(255) check (status in ('ACTIVE','INACTIVE','DELETED')),
        primary key (id)
    )

Name:DATA_SOURCE_PROXY, Connection:3, Time:3, Success:True
Type:Statement, Batch:False, QuerySize:1, BatchSize:0
Query:["
    create table comment (         created_at timestamp(6) not null,         id bigserial not null,         modified_at timestamp(6),         post_id bigint,         user_id bigint,         version bigint,         content varchar(500),         status varchar(255) check (status in ('ACTIVE', 'INACTIVE', 'DELETED')),         primary key (id)     )"]
Params:[]
Hibernate: 
    create table post_access_list (
        created_at timestamp(6) not null,
        id bigserial not null,
        modified_at timestamp(6),
        post_id bigint,
        user_id bigint,
        version bigint,
        primary key (id)
    )

Name:DATA_SOURCE_PROXY, Connection:3, Time:2, Success:True
Type:Statement, Batch:False, QuerySize:1, BatchSize:0
Query:["
    create table post_access_list (         created_at timestamp(6) not null,         id bigserial not null,         modified_at timestamp(6),         post_id bigint,         user_id bigint,         version bigint,         primary key (id)     )"]
Params:[]
Hibernate: 
    create table post_file (
        display_order integer,
        created_at timestamp(6) not null,
        id bigserial not null,
        modified_at timestamp(6),
        post_id bigint not null,
        version bigint,
        key varchar(255),
        status varchar(255) check (status in ('ACTIVE','INACTIVE')),
        type varchar(255) check (type in ('S3')),
        primary key (id)
    )

Name:DATA_SOURCE_PROXY, Connection:3, Time:2, Success:True
Type:Statement, Batch:False, QuerySize:1, BatchSize:0
Query:["
    create table post_file (         display_order integer,         created_at timestamp(6) not null,         id bigserial not null,         modified_at timestamp(6),         post_id bigint not null,         version bigint,         key varchar(255),         status varchar(255) check (status in ('ACTIVE', 'INACTIVE')),         type varchar(255) check (type in ('S3')),         primary key (id)     )"]
Params:[]
Hibernate: 
    create table posts (
        address_id bigint,
        created_at timestamp(6) not null,
        id bigserial not null,
        modified_at timestamp(6),
        user_id bigint not null,
        version bigint,
        content varchar(500),
        access_type varchar(255) check (access_type in ('PUBLIC','FRIEND','ACCESS_LIST','PRIVATE')),
        status varchar(255) check (status in ('ACTIVE','INACTIVE','DELETED')),
        primary key (id)
    )

Name:DATA_SOURCE_PROXY, Connection:3, Time:2, Success:True
Type:Statement, Batch:False, QuerySize:1, BatchSize:0
Query:["
    create table posts (         address_id bigint,         created_at timestamp(6) not null,         id bigserial not null,         modified_at timestamp(6),         user_id bigint not null,         version bigint,         content varchar(500),         access_type varchar(255) check (access_type in ('PUBLIC', 'FRIEND', 'ACCESS_LIST', 'PRIVATE')),         status varchar(255) check (status in ('ACTIVE', 'INACTIVE', 'DELETED')),         primary key (id)     )"]
Params:[]
Hibernate: 
    create table test_address (
        created_at timestamp(6) not null,
        id bigserial not null,
        modified_at timestamp(6),
        version bigint,
        geo geometry(Geometry, 4326) not null,
        primary key (id)
    )

Name:DATA_SOURCE_PROXY, Connection:3, Time:2, Success:True
Type:Statement, Batch:False, QuerySize:1, BatchSize:0
Query:["
    create table test_address (         created_at timestamp(6) not null,         id bigserial not null,         modified_at timestamp(6),         version bigint,         geo geometry(Geometry, 4326) not null,         primary key (id)     )"]
Params:[]
Hibernate: 
    create table user_address (
        address_id bigint,
        created_at timestamp(6) not null,
        id bigserial not null,
        modified_at timestamp(6),
        user_id bigint,
        version bigint,
        status varchar(255) check (status in ('MAIN','ACTIVE','INACTIVE')),
        primary key (id)
    )

Name:DATA_SOURCE_PROXY, Connection:3, Time:2, Success:True
Type:Statement, Batch:False, QuerySize:1, BatchSize:0
Query:["
    create table user_address (         address_id bigint,         created_at timestamp(6) not null,         id bigserial not null,         modified_at timestamp(6),         user_id bigint,         version bigint,         status varchar(255) check (status in ('MAIN', 'ACTIVE', 'INACTIVE')),         primary key (id)     )"]
Params:[]
Hibernate: 
    create table user_file (
        created_at timestamp(6) not null,
        id bigserial not null,
        modified_at timestamp(6),
        user_id bigint,
        version bigint,
        key varchar(255),
        status varchar(255) check (status in ('ACTIVE','INACTIVE')),
        type varchar(255) check (type in ('S3')),
        primary key (id)
    )

Name:DATA_SOURCE_PROXY, Connection:3, Time:2, Success:True
Type:Statement, Batch:False, QuerySize:1, BatchSize:0
Query:["
    create table user_file (         created_at timestamp(6) not null,         id bigserial not null,         modified_at timestamp(6),         user_id bigint,         version bigint,         key varchar(255),         status varchar(255) check (status in ('ACTIVE', 'INACTIVE')),         type varchar(255) check (type in ('S3')),         primary key (id)     )"]
Params:[]
Hibernate: 
    create table user_friend (
        created_at timestamp(6) not null,
        from_id bigint,
        id bigserial not null,
        modified_at timestamp(6),
        to_id bigint,
        version bigint,
        status varchar(255) check (status in ('UNKNOWN','REQUEST','ACCEPT','BLOCK')),
        primary key (id)
    )

Name:DATA_SOURCE_PROXY, Connection:3, Time:2, Success:True
Type:Statement, Batch:False, QuerySize:1, BatchSize:0
Query:["
    create table user_friend (         created_at timestamp(6) not null,         from_id bigint,         id bigserial not null,         modified_at timestamp(6),         to_id bigint,         version bigint,         status varchar(255) check (status in ('UNKNOWN', 'REQUEST', 'ACCEPT', 'BLOCK')),         primary key (id)     )"]
Params:[]
Hibernate: 
    create table users (
        baby_months integer check (baby_months<=300),
        email_verified boolean,
        created_at timestamp(6) not null,
        id bigserial not null,
        modified_at timestamp(6),
        version bigint,
        username varchar(20) not null unique,
        content varchar(500),
        email varchar(255),
        first varchar(255),
        issuer varchar(255),
        last varchar(255),
        subject varchar(255),
        primary key (id),
        unique (issuer, subject)
    )

Name:DATA_SOURCE_PROXY, Connection:3, Time:3, Success:True
Type:Statement, Batch:False, QuerySize:1, BatchSize:0
Query:["
    create table users (         baby_months integer check (baby_months<=300),         email_verified boolean,         created_at timestamp(6) not null,         id bigserial not null,         modified_at timestamp(6),         version bigint,         username varchar(20) not null unique,         content varchar(500),         email varchar(255),         first varchar(255),         issuer varchar(255),         last varchar(255),         subject varchar(255),         primary key (id),         unique (issuer, subject)     )"]
Params:[]
Hibernate: 
    create index IDX7gcwm8n2cyqvscmahmtsk07i0 
       on chat_user (username, chat_id)

Name:DATA_SOURCE_PROXY, Connection:3, Time:1, Success:True
Type:Statement, Batch:False, QuerySize:1, BatchSize:0
Query:["
    create index IDX7gcwm8n2cyqvscmahmtsk07i0         
        on chat_user (username, chat_id)"]
Params:[]
Hibernate: 
    create index IDX58vwf19mdk5o4yglpvqbyw21w 
       on test_address (geo)

Name:DATA_SOURCE_PROXY, Connection:3, Time:1, Success:True
Type:Statement, Batch:False, QuerySize:1, BatchSize:0
Query:["
    create index IDX58vwf19mdk5o4yglpvqbyw21w         
        on test_address (geo)"]
Params:[]
Hibernate: 
    alter table if exists chat_message 
       add constraint FKax7xe8g71nf0wvpoychqkqeid 
       foreign key (chat_id) 
       references chat

Name:DATA_SOURCE_PROXY, Connection:3, Time:16, Success:True
Type:Statement, Batch:False, QuerySize:1, BatchSize:0
Query:["
    alter table if exists chat_message         add constraint FKax7xe8g71nf0wvpoychqkqeid         foreign key (chat_id)         references chat"]
Params:[]
Hibernate: 
    alter table if exists chat_user 
       add constraint FKd5rjaiv0u3482r2pu22ky6h1v 
       foreign key (chat_id) 
       references chat

Name:DATA_SOURCE_PROXY, Connection:3, Time:1, Success:True
Type:Statement, Batch:False, QuerySize:1, BatchSize:0
Query:["
    alter table if exists chat_user         add constraint FKd5rjaiv0u3482r2pu22ky6h1v         foreign key (chat_id)         references chat"]
Params:[]
Hibernate: 
    alter table if exists comment 
       add constraint FK7jok1s6lywoh0srylq8lt7tmn 
       foreign key (post_id) 
       references posts

Name:DATA_SOURCE_PROXY, Connection:3, Time:1, Success:True
Type:Statement, Batch:False, QuerySize:1, BatchSize:0
Query:["
    alter table if exists comment         add constraint FK7jok1s6lywoh0srylq8lt7tmn         foreign key (post_id)         references posts"]
Params:[]
Hibernate: 
    alter table if exists comment 
       add constraint FKqm52p1v3o13hy268he0wcngr5 
       foreign key (user_id) 
       references users

Name:DATA_SOURCE_PROXY, Connection:3, Time:2, Success:True
Type:Statement, Batch:False, QuerySize:1, BatchSize:0
Query:["
    alter table if exists comment         add constraint FKqm52p1v3o13hy268he0wcngr5         foreign key (user_id)         references users"]
Params:[]
Hibernate: 
    alter table if exists post_access_list 
       add constraint FKqmmj3blhugw5cvknalmeiftg7 
       foreign key (post_id) 
       references posts

Name:DATA_SOURCE_PROXY, Connection:3, Time:2, Success:True
Type:Statement, Batch:False, QuerySize:1, BatchSize:0
Query:["
    alter table if exists post_access_list         add constraint FKqmmj3blhugw5cvknalmeiftg7         foreign key (post_id)         references posts"]
Params:[]
Hibernate: 
    alter table if exists post_access_list 
       add constraint FKnxdn37d2ahg9hihr8nhe7hc8o 
       foreign key (user_id) 
       references users

Name:DATA_SOURCE_PROXY, Connection:3, Time:1, Success:True
Type:Statement, Batch:False, QuerySize:1, BatchSize:0
Query:["
    alter table if exists post_access_list         add constraint FKnxdn37d2ahg9hihr8nhe7hc8o         foreign key (user_id)         references users"]
Params:[]
Hibernate: 
    alter table if exists post_file 
       add constraint FKk08pgr1gtb7sg0dpsh6pdinc 
       foreign key (post_id) 
       references posts

Name:DATA_SOURCE_PROXY, Connection:3, Time:1, Success:True
Type:Statement, Batch:False, QuerySize:1, BatchSize:0
Query:["
    alter table if exists post_file         add constraint FKk08pgr1gtb7sg0dpsh6pdinc         foreign key (post_id)         references posts"]
Params:[]
Hibernate: 
    alter table if exists posts 
       add constraint FK7dxs9b8l6uggpac4rvy1x6gl 
       foreign key (address_id) 
       references address

Name:DATA_SOURCE_PROXY, Connection:3, Time:2, Success:True
Type:Statement, Batch:False, QuerySize:1, BatchSize:0
Query:["
    alter table if exists posts         add constraint FK7dxs9b8l6uggpac4rvy1x6gl         foreign key (address_id)         references address"]
Params:[]
Hibernate: 
    alter table if exists posts 
       add constraint FK5lidm6cqbc7u4xhqpxm898qme 
       foreign key (user_id) 
       references users

Name:DATA_SOURCE_PROXY, Connection:3, Time:1, Success:True
Type:Statement, Batch:False, QuerySize:1, BatchSize:0
Query:["
    alter table if exists posts         add constraint FK5lidm6cqbc7u4xhqpxm898qme         foreign key (user_id)         references users"]
Params:[]
Hibernate: 
    alter table if exists user_address 
       add constraint FKdaaxogn1ss81gkcsdn05wi6jp 
       foreign key (address_id) 
       references address

Name:DATA_SOURCE_PROXY, Connection:3, Time:1, Success:True
Type:Statement, Batch:False, QuerySize:1, BatchSize:0
Query:["
    alter table if exists user_address         add constraint FKdaaxogn1ss81gkcsdn05wi6jp         foreign key (address_id)         references address"]
Params:[]
Hibernate: 
    alter table if exists user_address 
       add constraint FKrmincuqpi8m660j1c57xj7twr 
       foreign key (user_id) 
       references users

Name:DATA_SOURCE_PROXY, Connection:3, Time:1, Success:True
Type:Statement, Batch:False, QuerySize:1, BatchSize:0
Query:["
    alter table if exists user_address         add constraint FKrmincuqpi8m660j1c57xj7twr         foreign key (user_id)         references users"]
Params:[]
Hibernate: 
    alter table if exists user_file 
       add constraint FKh1krys90pkckq8s4c3n3ku87v 
       foreign key (user_id) 
       references users

Name:DATA_SOURCE_PROXY, Connection:3, Time:2, Success:True
Type:Statement, Batch:False, QuerySize:1, BatchSize:0
Query:["
    alter table if exists user_file         add constraint FKh1krys90pkckq8s4c3n3ku87v         foreign key (user_id)         references users"]
Params:[]
Hibernate: 
    alter table if exists user_friend 
       add constraint FK7nr1nne86nobaxtkpanlmwvca 
       foreign key (from_id) 
       references users

Name:DATA_SOURCE_PROXY, Connection:3, Time:1, Success:True
Type:Statement, Batch:False, QuerySize:1, BatchSize:0
Query:["
    alter table if exists user_friend         add constraint FK7nr1nne86nobaxtkpanlmwvca         foreign key (from_id)         references users"]
Params:[]
Hibernate: 
    alter table if exists user_friend 
       add constraint FK53ggobc81aytkkqkej6c9vv23 
       foreign key (to_id) 
       references users

Name:DATA_SOURCE_PROXY, Connection:3, Time:1, Success:True
Type:Statement, Batch:False, QuerySize:1, BatchSize:0
Query:["
    alter table if exists user_friend         add constraint FK53ggobc81aytkkqkej6c9vv23         foreign key (to_id)         references users"]
Params:[]
2024-04-09T14:31:05.329+09:00  INFO 8392 --- [    Test worker] j.LocalContainerEntityManagerFactoryBean : Initialized JPA EntityManagerFactory for persistence unit 'default'
2024-04-09T14:31:05.396+09:00  INFO 8392 --- [    Test worker] m.m.u.r.CustomizedUserRepositoryImplTest : Started CustomizedUserRepositoryImplTest in 4.54 seconds (process running for 16.308)
Hibernate: 
    insert 
    into
        users
        (baby_months, email, email_verified, first, issuer, last, subject, content, created_at, modified_at, username, version) 
    values
        (?, ?, ?, ?, ?, ?, ?, ?, ?, ?, ?, ?)

Name:DATA_SOURCE_PROXY, Connection:4, Time:19, Success:True
Type:Prepared, Batch:False, QuerySize:1, BatchSize:0
Query:["
    insert 
    into
        users
        (baby_months, email, email_verified, first, issuer, last, subject, content, created_at, modified_at, username, version) 
    values
        (?, ?, ?, ?, ?, ?, ?, ?, ?, ?, ?, ?)"]
Params:[(103,MCJHMXSFMH,false,SFCODIAVWN,WMMWKBYI,MCCSZESWD,CKFNDIXVKM,XUVDM,2024-04-09 14:31:05.491888,2024-04-09 14:31:05.491888,test0,3574)]
Hibernate: 
    insert 
    into
        users
        (baby_months, email, email_verified, first, issuer, last, subject, content, created_at, modified_at, username, version) 
    values
        (?, ?, ?, ?, ?, ?, ?, ?, ?, ?, ?, ?)

Name:DATA_SOURCE_PROXY, Connection:4, Time:3, Success:True
Type:Prepared, Batch:False, QuerySize:1, BatchSize:0
Query:["
    insert 
    into
        users
        (baby_months, email, email_verified, first, issuer, last, subject, content, created_at, modified_at, username, version) 
    values
        (?, ?, ?, ?, ?, ?, ?, ?, ?, ?, ?, ?)"]
Params:[(57,RZX,false,CRXMJIAI,BGCY,BYFWOVYNJ,ZGBQLVJ,LTKL,2024-04-09 14:31:05.549433,2024-04-09 14:31:05.549433,test1,9928)]
Hibernate: 
    insert 
    into
        users
        (baby_months, email, email_verified, first, issuer, last, subject, content, created_at, modified_at, username, version) 
    values
        (?, ?, ?, ?, ?, ?, ?, ?, ?, ?, ?, ?)

Name:DATA_SOURCE_PROXY, Connection:4, Time:3, Success:True
Type:Prepared, Batch:False, QuerySize:1, BatchSize:0
Query:["
    insert 
    into
        users
        (baby_months, email, email_verified, first, issuer, last, subject, content, created_at, modified_at, username, version) 
    values
        (?, ?, ?, ?, ?, ?, ?, ?, ?, ?, ?, ?)"]
Params:[(91,VDS,false,TCJM,HJSVHVWUE,PPJ,OQCAZSDEX,R,2024-04-09 14:31:05.55498,2024-04-09 14:31:05.55498,test2,8084)]
Hibernate: 
    insert 
    into
        users
        (baby_months, email, email_verified, first, issuer, last, subject, content, created_at, modified_at, username, version) 
    values
        (?, ?, ?, ?, ?, ?, ?, ?, ?, ?, ?, ?)

Name:DATA_SOURCE_PROXY, Connection:4, Time:1, Success:True
Type:Prepared, Batch:False, QuerySize:1, BatchSize:0
Query:["
    insert 
    into
        users
        (baby_months, email, email_verified, first, issuer, last, subject, content, created_at, modified_at, username, version) 
    values
        (?, ?, ?, ?, ?, ?, ?, ?, ?, ?, ?, ?)"]
Params:[(9,VNYQVXURFC,true,GKKNHQVXU,TDWZRMZVOA,KOHPCSB,JANEBY,RMLN,2024-04-09 14:31:05.558966,2024-04-09 14:31:05.558966,test3,1694)]
Hibernate: 
    insert 
    into
        users
        (baby_months, email, email_verified, first, issuer, last, subject, content, created_at, modified_at, username, version) 
    values
        (?, ?, ?, ?, ?, ?, ?, ?, ?, ?, ?, ?)

Name:DATA_SOURCE_PROXY, Connection:4, Time:3, Success:True
Type:Prepared, Batch:False, QuerySize:1, BatchSize:0
Query:["
    insert 
    into
        users
        (baby_months, email, email_verified, first, issuer, last, subject, content, created_at, modified_at, username, version) 
    values
        (?, ?, ?, ?, ?, ?, ?, ?, ?, ?, ?, ?)"]
Params:[(221,HRZXYCYTK,true,RBS,GVTSHQUR,VBIZZ,XRYYI,RET,2024-04-09 14:31:05.56118,2024-04-09 14:31:05.56118,test4,425)]
Hibernate: 
    insert 
    into
        users
        (baby_months, email, email_verified, first, issuer, last, subject, content, created_at, modified_at, username, version) 
    values
        (?, ?, ?, ?, ?, ?, ?, ?, ?, ?, ?, ?)

Name:DATA_SOURCE_PROXY, Connection:4, Time:3, Success:True
Type:Prepared, Batch:False, QuerySize:1, BatchSize:0
Query:["
    insert 
    into
        users
        (baby_months, email, email_verified, first, issuer, last, subject, content, created_at, modified_at, username, version) 
    values
        (?, ?, ?, ?, ?, ?, ?, ?, ?, ?, ?, ?)"]
Params:[(50,LFDE,false,VPIKO,IZSXJYWCZG,MSCEJXVWZV,NIQQLH,JQN,2024-04-09 14:31:05.564542,2024-04-09 14:31:05.564542,test5,1417)]
Hibernate: 
    insert 
    into
        users
        (baby_months, email, email_verified, first, issuer, last, subject, content, created_at, modified_at, username, version) 
    values
        (?, ?, ?, ?, ?, ?, ?, ?, ?, ?, ?, ?)

Name:DATA_SOURCE_PROXY, Connection:4, Time:1, Success:True
Type:Prepared, Batch:False, QuerySize:1, BatchSize:0
Query:["
    insert 
    into
        users
        (baby_months, email, email_verified, first, issuer, last, subject, content, created_at, modified_at, username, version) 
    values
        (?, ?, ?, ?, ?, ?, ?, ?, ?, ?, ?, ?)"]
Params:[(157,WFXOEWXQF,false,GLL,HXNYZTTT,CJVPHQ,UJOP,EVPVFBEUE,2024-04-09 14:31:05.567793,2024-04-09 14:31:05.567793,test6,9483)]
Hibernate: 
    insert 
    into
        users
        (baby_months, email, email_verified, first, issuer, last, subject, content, created_at, modified_at, username, version) 
    values
        (?, ?, ?, ?, ?, ?, ?, ?, ?, ?, ?, ?)

Name:DATA_SOURCE_PROXY, Connection:4, Time:4, Success:True
Type:Prepared, Batch:False, QuerySize:1, BatchSize:0
Query:["
    insert 
    into
        users
        (baby_months, email, email_verified, first, issuer, last, subject, content, created_at, modified_at, username, version) 
    values
        (?, ?, ?, ?, ?, ?, ?, ?, ?, ?, ?, ?)"]
Params:[(73,CRAEC,true,HBEPW,SWWL,TYITIKT,LJCX,B,2024-04-09 14:31:05.569959,2024-04-09 14:31:05.569959,test7,6430)]
Hibernate: 
    insert 
    into
        users
        (baby_months, email, email_verified, first, issuer, last, subject, content, created_at, modified_at, username, version) 
    values
        (?, ?, ?, ?, ?, ?, ?, ?, ?, ?, ?, ?)

Name:DATA_SOURCE_PROXY, Connection:4, Time:2, Success:True
Type:Prepared, Batch:False, QuerySize:1, BatchSize:0
Query:["
    insert 
    into
        users
        (baby_months, email, email_verified, first, issuer, last, subject, content, created_at, modified_at, username, version) 
    values
        (?, ?, ?, ?, ?, ?, ?, ?, ?, ?, ?, ?)"]
Params:[(59,EESN,false,TRWWRMCMGQ,YGI,YRTMTML,CQNBOJR,SQ,2024-04-09 14:31:05.575229,2024-04-09 14:31:05.575229,test8,5370)]
Hibernate: 
    insert 
    into
        users
        (baby_months, email, email_verified, first, issuer, last, subject, content, created_at, modified_at, username, version) 
    values
        (?, ?, ?, ?, ?, ?, ?, ?, ?, ?, ?, ?)

Name:DATA_SOURCE_PROXY, Connection:4, Time:3, Success:True
Type:Prepared, Batch:False, QuerySize:1, BatchSize:0
Query:["
    insert 
    into
        users
        (baby_months, email, email_verified, first, issuer, last, subject, content, created_at, modified_at, username, version) 
    values
        (?, ?, ?, ?, ?, ?, ?, ?, ?, ?, ?, ?)"]
Params:[(86,SIXDEQSSQ,true,HUE,HFDCM,FBZMWGHHU,UHJ,DTP,2024-04-09 14:31:05.577657,2024-04-09 14:31:05.577657,test9,1048)]
Hibernate: 
    update
        users 
    set
        baby_months=?,
        email=?,
        email_verified=?,
        first=?,
        issuer=?,
        last=?,
        subject=?,
        content=?,
        modified_at=?,
        username=?,
        version=? 
    where
        id=? 
        and version=?

Name:DATA_SOURCE_PROXY, Connection:4, Time:13, Success:True
Type:Prepared, Batch:False, QuerySize:1, BatchSize:0
Query:["
    update
        users 
    set
        baby_months=?,
        email=?,
        email_verified=?,
        first=?,
        issuer=?,
        last=?,
        subject=?,
        content=?,
        modified_at=?,
        username=?,
        version=? 
    where
        id=? 
        and version=?"]
Params:[(103,MCJHMXSFMH,false,SFCODIAVWN,WMMWKBYI,MCCSZESWD,CKFNDIXVKM,XUVDM,2024-04-09 14:31:05.778113,test0,3575,1,3574)]
Hibernate: 
    update
        users 
    set
        baby_months=?,
        email=?,
        email_verified=?,
        first=?,
        issuer=?,
        last=?,
        subject=?,
        content=?,
        modified_at=?,
        username=?,
        version=? 
    where
        id=? 
        and version=?

Name:DATA_SOURCE_PROXY, Connection:4, Time:2, Success:True
Type:Prepared, Batch:False, QuerySize:1, BatchSize:0
Query:["
    update
        users 
    set
        baby_months=?,
        email=?,
        email_verified=?,
        first=?,
        issuer=?,
        last=?,
        subject=?,
        content=?,
        modified_at=?,
        username=?,
        version=? 
    where
        id=? 
        and version=?"]
Params:[(57,RZX,false,CRXMJIAI,BGCY,BYFWOVYNJ,ZGBQLVJ,LTKL,2024-04-09 14:31:05.78063,test1,9929,2,9928)]
Hibernate: 
    update
        users 
    set
        baby_months=?,
        email=?,
        email_verified=?,
        first=?,
        issuer=?,
        last=?,
        subject=?,
        content=?,
        modified_at=?,
        username=?,
        version=? 
    where
        id=? 
        and version=?

Name:DATA_SOURCE_PROXY, Connection:4, Time:2, Success:True
Type:Prepared, Batch:False, QuerySize:1, BatchSize:0
Query:["
    update
        users 
    set
        baby_months=?,
        email=?,
        email_verified=?,
        first=?,
        issuer=?,
        last=?,
        subject=?,
        content=?,
        modified_at=?,
        username=?,
        version=? 
    where
        id=? 
        and version=?"]
Params:[(91,VDS,false,TCJM,HJSVHVWUE,PPJ,OQCAZSDEX,R,2024-04-09 14:31:05.780774,test2,8085,3,8084)]
Hibernate: 
    update
        users 
    set
        baby_months=?,
        email=?,
        email_verified=?,
        first=?,
        issuer=?,
        last=?,
        subject=?,
        content=?,
        modified_at=?,
        username=?,
        version=? 
    where
        id=? 
        and version=?

Name:DATA_SOURCE_PROXY, Connection:4, Time:2, Success:True
Type:Prepared, Batch:False, QuerySize:1, BatchSize:0
Query:["
    update
        users 
    set
        baby_months=?,
        email=?,
        email_verified=?,
        first=?,
        issuer=?,
        last=?,
        subject=?,
        content=?,
        modified_at=?,
        username=?,
        version=? 
    where
        id=? 
        and version=?"]
Params:[(9,VNYQVXURFC,true,GKKNHQVXU,TDWZRMZVOA,KOHPCSB,JANEBY,RMLN,2024-04-09 14:31:05.780885,test3,1695,4,1694)]
Hibernate: 
    update
        users 
    set
        baby_months=?,
        email=?,
        email_verified=?,
        first=?,
        issuer=?,
        last=?,
        subject=?,
        content=?,
        modified_at=?,
        username=?,
        version=? 
    where
        id=? 
        and version=?

Name:DATA_SOURCE_PROXY, Connection:4, Time:1, Success:True
Type:Prepared, Batch:False, QuerySize:1, BatchSize:0
Query:["
    update
        users 
    set
        baby_months=?,
        email=?,
        email_verified=?,
        first=?,
        issuer=?,
        last=?,
        subject=?,
        content=?,
        modified_at=?,
        username=?,
        version=? 
    where
        id=? 
        and version=?"]
Params:[(221,HRZXYCYTK,true,RBS,GVTSHQUR,VBIZZ,XRYYI,RET,2024-04-09 14:31:05.780993,test4,426,5,425)]
Hibernate: 
    update
        users 
    set
        baby_months=?,
        email=?,
        email_verified=?,
        first=?,
        issuer=?,
        last=?,
        subject=?,
        content=?,
        modified_at=?,
        username=?,
        version=? 
    where
        id=? 
        and version=?

Name:DATA_SOURCE_PROXY, Connection:4, Time:2, Success:True
Type:Prepared, Batch:False, QuerySize:1, BatchSize:0
Query:["
    update
        users 
    set
        baby_months=?,
        email=?,
        email_verified=?,
        first=?,
        issuer=?,
        last=?,
        subject=?,
        content=?,
        modified_at=?,
        username=?,
        version=? 
    where
        id=? 
        and version=?"]
Params:[(50,LFDE,false,VPIKO,IZSXJYWCZG,MSCEJXVWZV,NIQQLH,JQN,2024-04-09 14:31:05.7811,test5,1418,6,1417)]
Hibernate: 
    update
        users 
    set
        baby_months=?,
        email=?,
        email_verified=?,
        first=?,
        issuer=?,
        last=?,
        subject=?,
        content=?,
        modified_at=?,
        username=?,
        version=? 
    where
        id=? 
        and version=?

Name:DATA_SOURCE_PROXY, Connection:4, Time:2, Success:True
Type:Prepared, Batch:False, QuerySize:1, BatchSize:0
Query:["
    update
        users 
    set
        baby_months=?,
        email=?,
        email_verified=?,
        first=?,
        issuer=?,
        last=?,
        subject=?,
        content=?,
        modified_at=?,
        username=?,
        version=? 
    where
        id=? 
        and version=?"]
Params:[(157,WFXOEWXQF,false,GLL,HXNYZTTT,CJVPHQ,UJOP,EVPVFBEUE,2024-04-09 14:31:05.781699,test6,9484,7,9483)]
Hibernate: 
    update
        users 
    set
        baby_months=?,
        email=?,
        email_verified=?,
        first=?,
        issuer=?,
        last=?,
        subject=?,
        content=?,
        modified_at=?,
        username=?,
        version=? 
    where
        id=? 
        and version=?

Name:DATA_SOURCE_PROXY, Connection:4, Time:2, Success:True
Type:Prepared, Batch:False, QuerySize:1, BatchSize:0
Query:["
    update
        users 
    set
        baby_months=?,
        email=?,
        email_verified=?,
        first=?,
        issuer=?,
        last=?,
        subject=?,
        content=?,
        modified_at=?,
        username=?,
        version=? 
    where
        id=? 
        and version=?"]
Params:[(73,CRAEC,true,HBEPW,SWWL,TYITIKT,LJCX,B,2024-04-09 14:31:05.781873,test7,6431,8,6430)]
Hibernate: 
    update
        users 
    set
        baby_months=?,
        email=?,
        email_verified=?,
        first=?,
        issuer=?,
        last=?,
        subject=?,
        content=?,
        modified_at=?,
        username=?,
        version=? 
    where
        id=? 
        and version=?

Name:DATA_SOURCE_PROXY, Connection:4, Time:2, Success:True
Type:Prepared, Batch:False, QuerySize:1, BatchSize:0
Query:["
    update
        users 
    set
        baby_months=?,
        email=?,
        email_verified=?,
        first=?,
        issuer=?,
        last=?,
        subject=?,
        content=?,
        modified_at=?,
        username=?,
        version=? 
    where
        id=? 
        and version=?"]
Params:[(59,EESN,false,TRWWRMCMGQ,YGI,YRTMTML,CQNBOJR,SQ,2024-04-09 14:31:05.782004,test8,5371,9,5370)]
Hibernate: 
    update
        users 
    set
        baby_months=?,
        email=?,
        email_verified=?,
        first=?,
        issuer=?,
        last=?,
        subject=?,
        content=?,
        modified_at=?,
        username=?,
        version=? 
    where
        id=? 
        and version=?

Name:DATA_SOURCE_PROXY, Connection:4, Time:1, Success:True
Type:Prepared, Batch:False, QuerySize:1, BatchSize:0
Query:["
    update
        users 
    set
        baby_months=?,
        email=?,
        email_verified=?,
        first=?,
        issuer=?,
        last=?,
        subject=?,
        content=?,
        modified_at=?,
        username=?,
        version=? 
    where
        id=? 
        and version=?"]
Params:[(86,SIXDEQSSQ,true,HUE,HFDCM,FBZMWGHHU,UHJ,DTP,2024-04-09 14:31:05.782142,test9,1049,10,1048)]
Hibernate: 
    select
        distinct u1_0.id,
        a1_0.user_id,
        a1_0.id,
        a1_0.address_id,
        a1_0.created_at,
        a1_0.modified_at,
        a1_0.status,
        a1_0.version,
        u1_0.baby_months,
        u1_0.email,
        u1_0.email_verified,
        u1_0.first,
        u1_0.issuer,
        u1_0.last,
        u1_0.subject,
        u1_0.content,
        u1_0.created_at,
        u1_0.modified_at,
        u1_0.username,
        u1_0.version 
    from
        users u1_0 
    left join
        user_address a1_0 
            on u1_0.id=a1_0.user_id 
    where
        u1_0.username=?

Name:DATA_SOURCE_PROXY, Connection:4, Time:18, Success:True
Type:Prepared, Batch:False, QuerySize:1, BatchSize:0
Query:["
    select
        distinct u1_0.id,
        a1_0.user_id,
        a1_0.id,
        a1_0.address_id,
        a1_0.created_at,
        a1_0.modified_at,
        a1_0.status,
        a1_0.version,
        u1_0.baby_months,
        u1_0.email,
        u1_0.email_verified,
        u1_0.first,
        u1_0.issuer,
        u1_0.last,
        u1_0.subject,
        u1_0.content,
        u1_0.created_at,
        u1_0.modified_at,
        u1_0.username,
        u1_0.version 
    from
        users u1_0 
    left join
        user_address a1_0 
            on u1_0.id=a1_0.user_id 
    where
        u1_0.username=?"]
Params:[(test0)]
Hibernate: 
    select
        distinct u1_0.id,
        u1_0.baby_months,
        u1_0.email,
        u1_0.email_verified,
        u1_0.first,
        u1_0.issuer,
        u1_0.last,
        u1_0.subject,
        u1_0.content,
        u1_0.created_at,
        f1_0.user_id,
        f1_0.id,
        f1_0.created_at,
        f1_0.key,
        f1_0.type,
        f1_0.status,
        f1_0.modified_at,
        f1_0.version,
        u1_0.modified_at,
        u1_0.username,
        u1_0.version 
    from
        users u1_0 
    left join
        user_file f1_0 
            on u1_0.id=f1_0.user_id 
    where
        u1_0.id=?

Name:DATA_SOURCE_PROXY, Connection:4, Time:5, Success:True
Type:Prepared, Batch:False, QuerySize:1, BatchSize:0
Query:["
    select
        distinct u1_0.id,
        u1_0.baby_months,
        u1_0.email,
        u1_0.email_verified,
        u1_0.first,
        u1_0.issuer,
        u1_0.last,
        u1_0.subject,
        u1_0.content,
        u1_0.created_at,
        f1_0.user_id,
        f1_0.id,
        f1_0.created_at,
        f1_0.key,
        f1_0.type,
        f1_0.status,
        f1_0.modified_at,
        f1_0.version,
        u1_0.modified_at,
        u1_0.username,
        u1_0.version 
    from
        users u1_0 
    left join
        user_file f1_0 
            on u1_0.id=f1_0.user_id 
    where
        u1_0.id=?"]
Params:[(1)]
Hibernate: 
    insert 
    into
        users
        (baby_months, email, email_verified, first, issuer, last, subject, content, created_at, modified_at, username, version) 
    values
        (?, ?, ?, ?, ?, ?, ?, ?, ?, ?, ?, ?)

Name:DATA_SOURCE_PROXY, Connection:5, Time:5, Success:True
Type:Prepared, Batch:False, QuerySize:1, BatchSize:0
Query:["
    insert 
    into
        users
        (baby_months, email, email_verified, first, issuer, last, subject, content, created_at, modified_at, username, version) 
    values
        (?, ?, ?, ?, ?, ?, ?, ?, ?, ?, ?, ?)"]
Params:[(165,YRSYXTE,false,KQIAN,UYFLDRFJP,PSYUZSW,ZYPVSY,ZJ,2024-04-09 14:31:05.885369,2024-04-09 14:31:05.885369,test0,4217)]
Hibernate: 
    insert 
    into
        users
        (baby_months, email, email_verified, first, issuer, last, subject, content, created_at, modified_at, username, version) 
    values
        (?, ?, ?, ?, ?, ?, ?, ?, ?, ?, ?, ?)

Name:DATA_SOURCE_PROXY, Connection:5, Time:2, Success:True
Type:Prepared, Batch:False, QuerySize:1, BatchSize:0
Query:["
    insert 
    into
        users
        (baby_months, email, email_verified, first, issuer, last, subject, content, created_at, modified_at, username, version) 
    values
        (?, ?, ?, ?, ?, ?, ?, ?, ?, ?, ?, ?)"]
Params:[(253,UGVWPABXE,false,CPHXACMGNB,JCFRFOTOY,MLF,FPLGCLX,XXXDVN,2024-04-09 14:31:05.890714,2024-04-09 14:31:05.890714,test1,3799)]
Hibernate: 
    insert 
    into
        users
        (baby_months, email, email_verified, first, issuer, last, subject, content, created_at, modified_at, username, version) 
    values
        (?, ?, ?, ?, ?, ?, ?, ?, ?, ?, ?, ?)

Name:DATA_SOURCE_PROXY, Connection:5, Time:3, Success:True
Type:Prepared, Batch:False, QuerySize:1, BatchSize:0
Query:["
    insert 
    into
        users
        (baby_months, email, email_verified, first, issuer, last, subject, content, created_at, modified_at, username, version) 
    values
        (?, ?, ?, ?, ?, ?, ?, ?, ?, ?, ?, ?)"]
Params:[(48,OSRGUCZDW,true,SJXCET,USOHC,TQKXINOAB,FBBOVDVYM,IOKCSPF,2024-04-09 14:31:05.893602,2024-04-09 14:31:05.893602,test2,1733)]
Hibernate: 
    insert 
    into
        users
        (baby_months, email, email_verified, first, issuer, last, subject, content, created_at, modified_at, username, version) 
    values
        (?, ?, ?, ?, ?, ?, ?, ?, ?, ?, ?, ?)

Name:DATA_SOURCE_PROXY, Connection:5, Time:1, Success:True
Type:Prepared, Batch:False, QuerySize:1, BatchSize:0
Query:["
    insert 
    into
        users
        (baby_months, email, email_verified, first, issuer, last, subject, content, created_at, modified_at, username, version) 
    values
        (?, ?, ?, ?, ?, ?, ?, ?, ?, ?, ?, ?)"]
Params:[(218,IBTSJJ,false,CJPTWASZN,IMMBBMJJBD,RKMQOZKGB,ZLLUMLPMQK,UFYJZGSK,2024-04-09 14:31:05.897854,2024-04-09 14:31:05.897854,test3,713)]
Hibernate: 
    insert 
    into
        users
        (baby_months, email, email_verified, first, issuer, last, subject, content, created_at, modified_at, username, version) 
    values
        (?, ?, ?, ?, ?, ?, ?, ?, ?, ?, ?, ?)

Name:DATA_SOURCE_PROXY, Connection:5, Time:3, Success:True
Type:Prepared, Batch:False, QuerySize:1, BatchSize:0
Query:["
    insert 
    into
        users
        (baby_months, email, email_verified, first, issuer, last, subject, content, created_at, modified_at, username, version) 
    values
        (?, ?, ?, ?, ?, ?, ?, ?, ?, ?, ?, ?)"]
Params:[(68,KQZGKLRMJD,true,JBYRAWF,YHRIQBB,PPYFUHV,TESHYPGRW,ARER,2024-04-09 14:31:05.900281,2024-04-09 14:31:05.900281,test4,299)]
Hibernate: 
    insert 
    into
        users
        (baby_months, email, email_verified, first, issuer, last, subject, content, created_at, modified_at, username, version) 
    values
        (?, ?, ?, ?, ?, ?, ?, ?, ?, ?, ?, ?)

Name:DATA_SOURCE_PROXY, Connection:5, Time:2, Success:True
Type:Prepared, Batch:False, QuerySize:1, BatchSize:0
Query:["
    insert 
    into
        users
        (baby_months, email, email_verified, first, issuer, last, subject, content, created_at, modified_at, username, version) 
    values
        (?, ?, ?, ?, ?, ?, ?, ?, ?, ?, ?, ?)"]
Params:[(215,SGCFWVNIRB,true,AYKPK,ZWALFQZMH,ZAZVUBKJVV,YTEZYGTX,R,2024-04-09 14:31:05.903639,2024-04-09 14:31:05.903639,test5,5807)]
Hibernate: 
    insert 
    into
        users
        (baby_months, email, email_verified, first, issuer, last, subject, content, created_at, modified_at, username, version) 
    values
        (?, ?, ?, ?, ?, ?, ?, ?, ?, ?, ?, ?)

Name:DATA_SOURCE_PROXY, Connection:5, Time:2, Success:True
Type:Prepared, Batch:False, QuerySize:1, BatchSize:0
Query:["
    insert 
    into
        users
        (baby_months, email, email_verified, first, issuer, last, subject, content, created_at, modified_at, username, version) 
    values
        (?, ?, ?, ?, ?, ?, ?, ?, ?, ?, ?, ?)"]
Params:[(145,YNTWFHURRM,false,WTMZBBR,ELBYEBNS,EBH,MSVJEAVR,ANVBBHB,2024-04-09 14:31:05.907432,2024-04-09 14:31:05.907432,test6,9732)]
Hibernate: 
    insert 
    into
        users
        (baby_months, email, email_verified, first, issuer, last, subject, content, created_at, modified_at, username, version) 
    values
        (?, ?, ?, ?, ?, ?, ?, ?, ?, ?, ?, ?)

Name:DATA_SOURCE_PROXY, Connection:5, Time:2, Success:True
Type:Prepared, Batch:False, QuerySize:1, BatchSize:0
Query:["
    insert 
    into
        users
        (baby_months, email, email_verified, first, issuer, last, subject, content, created_at, modified_at, username, version) 
    values
        (?, ?, ?, ?, ?, ?, ?, ?, ?, ?, ?, ?)"]
Params:[(88,BCJV,true,EELZGJEJK,OLTTUXOXGI,QATB,ZMWYPXRIU,GOFELV,2024-04-09 14:31:05.90979,2024-04-09 14:31:05.90979,test7,4459)]
Hibernate: 
    insert 
    into
        users
        (baby_months, email, email_verified, first, issuer, last, subject, content, created_at, modified_at, username, version) 
    values
        (?, ?, ?, ?, ?, ?, ?, ?, ?, ?, ?, ?)

Name:DATA_SOURCE_PROXY, Connection:5, Time:2, Success:True
Type:Prepared, Batch:False, QuerySize:1, BatchSize:0
Query:["
    insert 
    into
        users
        (baby_months, email, email_verified, first, issuer, last, subject, content, created_at, modified_at, username, version) 
    values
        (?, ?, ?, ?, ?, ?, ?, ?, ?, ?, ?, ?)"]
Params:[(149,VDRO,false,NSJPZ,WMFBSJX,HYZI,TBEADDMIPH,H,2024-04-09 14:31:05.913361,2024-04-09 14:31:05.913361,test8,6711)]
Hibernate: 
    insert 
    into
        users
        (baby_months, email, email_verified, first, issuer, last, subject, content, created_at, modified_at, username, version) 
    values
        (?, ?, ?, ?, ?, ?, ?, ?, ?, ?, ?, ?)

Name:DATA_SOURCE_PROXY, Connection:5, Time:2, Success:True
Type:Prepared, Batch:False, QuerySize:1, BatchSize:0
Query:["
    insert 
    into
        users
        (baby_months, email, email_verified, first, issuer, last, subject, content, created_at, modified_at, username, version) 
    values
        (?, ?, ?, ?, ?, ?, ?, ?, ?, ?, ?, ?)"]
Params:[(243,CHBNHVXMO,false,IXPKRCRL,ILU,SMYWRSYPUL,VGD,ANLKGGJY,2024-04-09 14:31:05.915659,2024-04-09 14:31:05.915659,test9,7140)]
Hibernate: 
    update
        users 
    set
        baby_months=?,
        email=?,
        email_verified=?,
        first=?,
        issuer=?,
        last=?,
        subject=?,
        content=?,
        modified_at=?,
        username=?,
        version=? 
    where
        id=? 
        and version=?

Name:DATA_SOURCE_PROXY, Connection:5, Time:1, Success:True
Type:Prepared, Batch:False, QuerySize:1, BatchSize:0
Query:["
    update
        users 
    set
        baby_months=?,
        email=?,
        email_verified=?,
        first=?,
        issuer=?,
        last=?,
        subject=?,
        content=?,
        modified_at=?,
        username=?,
        version=? 
    where
        id=? 
        and version=?"]
Params:[(165,YRSYXTE,false,KQIAN,UYFLDRFJP,PSYUZSW,ZYPVSY,ZJ,2024-04-09 14:31:05.925439,test0,4218,11,4217)]
Hibernate: 
    update
        users 
    set
        baby_months=?,
        email=?,
        email_verified=?,
        first=?,
        issuer=?,
        last=?,
        subject=?,
        content=?,
        modified_at=?,
        username=?,
        version=? 
    where
        id=? 
        and version=?

Name:DATA_SOURCE_PROXY, Connection:5, Time:2, Success:True
Type:Prepared, Batch:False, QuerySize:1, BatchSize:0
Query:["
    update
        users 
    set
        baby_months=?,
        email=?,
        email_verified=?,
        first=?,
        issuer=?,
        last=?,
        subject=?,
        content=?,
        modified_at=?,
        username=?,
        version=? 
    where
        id=? 
        and version=?"]
Params:[(253,UGVWPABXE,false,CPHXACMGNB,JCFRFOTOY,MLF,FPLGCLX,XXXDVN,2024-04-09 14:31:05.925631,test1,3800,12,3799)]
Hibernate: 
    update
        users 
    set
        baby_months=?,
        email=?,
        email_verified=?,
        first=?,
        issuer=?,
        last=?,
        subject=?,
        content=?,
        modified_at=?,
        username=?,
        version=? 
    where
        id=? 
        and version=?

Name:DATA_SOURCE_PROXY, Connection:5, Time:2, Success:True
Type:Prepared, Batch:False, QuerySize:1, BatchSize:0
Query:["
    update
        users 
    set
        baby_months=?,
        email=?,
        email_verified=?,
        first=?,
        issuer=?,
        last=?,
        subject=?,
        content=?,
        modified_at=?,
        username=?,
        version=? 
    where
        id=? 
        and version=?"]
Params:[(48,OSRGUCZDW,true,SJXCET,USOHC,TQKXINOAB,FBBOVDVYM,IOKCSPF,2024-04-09 14:31:05.925767,test2,1734,13,1733)]
Hibernate: 
    update
        users 
    set
        baby_months=?,
        email=?,
        email_verified=?,
        first=?,
        issuer=?,
        last=?,
        subject=?,
        content=?,
        modified_at=?,
        username=?,
        version=? 
    where
        id=? 
        and version=?

Name:DATA_SOURCE_PROXY, Connection:5, Time:1, Success:True
Type:Prepared, Batch:False, QuerySize:1, BatchSize:0
Query:["
    update
        users 
    set
        baby_months=?,
        email=?,
        email_verified=?,
        first=?,
        issuer=?,
        last=?,
        subject=?,
        content=?,
        modified_at=?,
        username=?,
        version=? 
    where
        id=? 
        and version=?"]
Params:[(218,IBTSJJ,false,CJPTWASZN,IMMBBMJJBD,RKMQOZKGB,ZLLUMLPMQK,UFYJZGSK,2024-04-09 14:31:05.92589,test3,714,14,713)]
Hibernate: 
    update
        users 
    set
        baby_months=?,
        email=?,
        email_verified=?,
        first=?,
        issuer=?,
        last=?,
        subject=?,
        content=?,
        modified_at=?,
        username=?,
        version=? 
    where
        id=? 
        and version=?

Name:DATA_SOURCE_PROXY, Connection:5, Time:1, Success:True
Type:Prepared, Batch:False, QuerySize:1, BatchSize:0
Query:["
    update
        users 
    set
        baby_months=?,
        email=?,
        email_verified=?,
        first=?,
        issuer=?,
        last=?,
        subject=?,
        content=?,
        modified_at=?,
        username=?,
        version=? 
    where
        id=? 
        and version=?"]
Params:[(68,KQZGKLRMJD,true,JBYRAWF,YHRIQBB,PPYFUHV,TESHYPGRW,ARER,2024-04-09 14:31:05.925996,test4,300,15,299)]
Hibernate: 
    update
        users 
    set
        baby_months=?,
        email=?,
        email_verified=?,
        first=?,
        issuer=?,
        last=?,
        subject=?,
        content=?,
        modified_at=?,
        username=?,
        version=? 
    where
        id=? 
        and version=?

Name:DATA_SOURCE_PROXY, Connection:5, Time:5, Success:True
Type:Prepared, Batch:False, QuerySize:1, BatchSize:0
Query:["
    update
        users 
    set
        baby_months=?,
        email=?,
        email_verified=?,
        first=?,
        issuer=?,
        last=?,
        subject=?,
        content=?,
        modified_at=?,
        username=?,
        version=? 
    where
        id=? 
        and version=?"]
Params:[(215,SGCFWVNIRB,true,AYKPK,ZWALFQZMH,ZAZVUBKJVV,YTEZYGTX,R,2024-04-09 14:31:05.926094,test5,5808,16,5807)]
Hibernate: 
    update
        users 
    set
        baby_months=?,
        email=?,
        email_verified=?,
        first=?,
        issuer=?,
        last=?,
        subject=?,
        content=?,
        modified_at=?,
        username=?,
        version=? 
    where
        id=? 
        and version=?

Name:DATA_SOURCE_PROXY, Connection:5, Time:10, Success:True
Type:Prepared, Batch:False, QuerySize:1, BatchSize:0
Query:["
    update
        users 
    set
        baby_months=?,
        email=?,
        email_verified=?,
        first=?,
        issuer=?,
        last=?,
        subject=?,
        content=?,
        modified_at=?,
        username=?,
        version=? 
    where
        id=? 
        and version=?"]
Params:[(145,YNTWFHURRM,false,WTMZBBR,ELBYEBNS,EBH,MSVJEAVR,ANVBBHB,2024-04-09 14:31:05.926193,test6,9733,17,9732)]
Hibernate: 
    update
        users 
    set
        baby_months=?,
        email=?,
        email_verified=?,
        first=?,
        issuer=?,
        last=?,
        subject=?,
        content=?,
        modified_at=?,
        username=?,
        version=? 
    where
        id=? 
        and version=?

Name:DATA_SOURCE_PROXY, Connection:5, Time:2, Success:True
Type:Prepared, Batch:False, QuerySize:1, BatchSize:0
Query:["
    update
        users 
    set
        baby_months=?,
        email=?,
        email_verified=?,
        first=?,
        issuer=?,
        last=?,
        subject=?,
        content=?,
        modified_at=?,
        username=?,
        version=? 
    where
        id=? 
        and version=?"]
Params:[(88,BCJV,true,EELZGJEJK,OLTTUXOXGI,QATB,ZMWYPXRIU,GOFELV,2024-04-09 14:31:05.926294,test7,4460,18,4459)]
Hibernate: 
    update
        users 
    set
        baby_months=?,
        email=?,
        email_verified=?,
        first=?,
        issuer=?,
        last=?,
        subject=?,
        content=?,
        modified_at=?,
        username=?,
        version=? 
    where
        id=? 
        and version=?

Name:DATA_SOURCE_PROXY, Connection:5, Time:1, Success:True
Type:Prepared, Batch:False, QuerySize:1, BatchSize:0
Query:["
    update
        users 
    set
        baby_months=?,
        email=?,
        email_verified=?,
        first=?,
        issuer=?,
        last=?,
        subject=?,
        content=?,
        modified_at=?,
        username=?,
        version=? 
    where
        id=? 
        and version=?"]
Params:[(149,VDRO,false,NSJPZ,WMFBSJX,HYZI,TBEADDMIPH,H,2024-04-09 14:31:05.92641,test8,6712,19,6711)]
Hibernate: 
    update
        users 
    set
        baby_months=?,
        email=?,
        email_verified=?,
        first=?,
        issuer=?,
        last=?,
        subject=?,
        content=?,
        modified_at=?,
        username=?,
        version=? 
    where
        id=? 
        and version=?

Name:DATA_SOURCE_PROXY, Connection:5, Time:1, Success:True
Type:Prepared, Batch:False, QuerySize:1, BatchSize:0
Query:["
    update
        users 
    set
        baby_months=?,
        email=?,
        email_verified=?,
        first=?,
        issuer=?,
        last=?,
        subject=?,
        content=?,
        modified_at=?,
        username=?,
        version=? 
    where
        id=? 
        and version=?"]
Params:[(243,CHBNHVXMO,false,IXPKRCRL,ILU,SMYWRSYPUL,VGD,ANLKGGJY,2024-04-09 14:31:05.926526,test9,7141,20,7140)]
Hibernate: 
    select
        u1_0.id,
        u1_0.baby_months,
        u1_0.email,
        u1_0.email_verified,
        u1_0.first,
        u1_0.issuer,
        u1_0.last,
        u1_0.subject,
        u1_0.content,
        u1_0.created_at,
        u1_0.modified_at,
        u1_0.username,
        u1_0.version 
    from
        users u1_0

Name:DATA_SOURCE_PROXY, Connection:5, Time:1, Success:True
Type:Prepared, Batch:False, QuerySize:1, BatchSize:0
Query:["
    select
        u1_0.id,
        u1_0.baby_months,
        u1_0.email,
        u1_0.email_verified,
        u1_0.first,
        u1_0.issuer,
        u1_0.last,
        u1_0.subject,
        u1_0.content,
        u1_0.created_at,
        u1_0.modified_at,
        u1_0.username,
        u1_0.version 
    from
        users u1_0"]
Params:[()]
Hibernate: 
    insert 
    into
        user_friend
        (created_at, from_id, modified_at, status, to_id, version) 
    values
        (?, ?, ?, ?, ?, ?)

Name:DATA_SOURCE_PROXY, Connection:5, Time:11, Success:True
Type:Prepared, Batch:False, QuerySize:1, BatchSize:0
Query:["
    insert 
    into
        user_friend
        (created_at, from_id, modified_at, status, to_id, version) 
    values
        (?, ?, ?, ?, ?, ?)"]
Params:[(2024-04-09 14:31:06.001269,11,2024-04-09 14:31:06.001269,ACCEPT,12,0)]
Hibernate: 
    insert 
    into
        user_friend
        (created_at, from_id, modified_at, status, to_id, version) 
    values
        (?, ?, ?, ?, ?, ?)

Name:DATA_SOURCE_PROXY, Connection:5, Time:2, Success:True
Type:Prepared, Batch:False, QuerySize:1, BatchSize:0
Query:["
    insert 
    into
        user_friend
        (created_at, from_id, modified_at, status, to_id, version) 
    values
        (?, ?, ?, ?, ?, ?)"]
Params:[(2024-04-09 14:31:06.014945,11,2024-04-09 14:31:06.014945,REQUEST,13,0)]
Hibernate: 
    insert 
    into
        user_friend
        (created_at, from_id, modified_at, status, to_id, version) 
    values
        (?, ?, ?, ?, ?, ?)

Name:DATA_SOURCE_PROXY, Connection:5, Time:1, Success:True
Type:Prepared, Batch:False, QuerySize:1, BatchSize:0
Query:["
    insert 
    into
        user_friend
        (created_at, from_id, modified_at, status, to_id, version) 
    values
        (?, ?, ?, ?, ?, ?)"]
Params:[(2024-04-09 14:31:06.017287,11,2024-04-09 14:31:06.017287,REQUEST,14,0)]
Hibernate: 
    insert 
    into
        user_friend
        (created_at, from_id, modified_at, status, to_id, version) 
    values
        (?, ?, ?, ?, ?, ?)

Name:DATA_SOURCE_PROXY, Connection:5, Time:2, Success:True
Type:Prepared, Batch:False, QuerySize:1, BatchSize:0
Query:["
    insert 
    into
        user_friend
        (created_at, from_id, modified_at, status, to_id, version) 
    values
        (?, ?, ?, ?, ?, ?)"]
Params:[(2024-04-09 14:31:06.019147,11,2024-04-09 14:31:06.019147,REQUEST,15,0)]
Hibernate: 
    insert 
    into
        user_friend
        (created_at, from_id, modified_at, status, to_id, version) 
    values
        (?, ?, ?, ?, ?, ?)

Name:DATA_SOURCE_PROXY, Connection:5, Time:3, Success:True
Type:Prepared, Batch:False, QuerySize:1, BatchSize:0
Query:["
    insert 
    into
        user_friend
        (created_at, from_id, modified_at, status, to_id, version) 
    values
        (?, ?, ?, ?, ?, ?)"]
Params:[(2024-04-09 14:31:06.021664,11,2024-04-09 14:31:06.021664,ACCEPT,16,0)]
Hibernate: 
    insert 
    into
        user_friend
        (created_at, from_id, modified_at, status, to_id, version) 
    values
        (?, ?, ?, ?, ?, ?)

Name:DATA_SOURCE_PROXY, Connection:5, Time:4, Success:True
Type:Prepared, Batch:False, QuerySize:1, BatchSize:0
Query:["
    insert 
    into
        user_friend
        (created_at, from_id, modified_at, status, to_id, version) 
    values
        (?, ?, ?, ?, ?, ?)"]
Params:[(2024-04-09 14:31:06.024643,12,2024-04-09 14:31:06.024643,ACCEPT,11,0)]
Hibernate: 
    insert 
    into
        user_friend
        (created_at, from_id, modified_at, status, to_id, version) 
    values
        (?, ?, ?, ?, ?, ?)

Name:DATA_SOURCE_PROXY, Connection:5, Time:3, Success:True
Type:Prepared, Batch:False, QuerySize:1, BatchSize:0
Query:["
    insert 
    into
        user_friend
        (created_at, from_id, modified_at, status, to_id, version) 
    values
        (?, ?, ?, ?, ?, ?)"]
Params:[(2024-04-09 14:31:06.028517,13,2024-04-09 14:31:06.028517,UNKNOWN,11,0)]
Hibernate: 
    insert 
    into
        user_friend
        (created_at, from_id, modified_at, status, to_id, version) 
    values
        (?, ?, ?, ?, ?, ?)

Name:DATA_SOURCE_PROXY, Connection:5, Time:2, Success:True
Type:Prepared, Batch:False, QuerySize:1, BatchSize:0
Query:["
    insert 
    into
        user_friend
        (created_at, from_id, modified_at, status, to_id, version) 
    values
        (?, ?, ?, ?, ?, ?)"]
Params:[(2024-04-09 14:31:06.031385,14,2024-04-09 14:31:06.031385,UNKNOWN,11,0)]
Hibernate: 
    insert 
    into
        user_friend
        (created_at, from_id, modified_at, status, to_id, version) 
    values
        (?, ?, ?, ?, ?, ?)

Name:DATA_SOURCE_PROXY, Connection:5, Time:2, Success:True
Type:Prepared, Batch:False, QuerySize:1, BatchSize:0
Query:["
    insert 
    into
        user_friend
        (created_at, from_id, modified_at, status, to_id, version) 
    values
        (?, ?, ?, ?, ?, ?)"]
Params:[(2024-04-09 14:31:06.033577,15,2024-04-09 14:31:06.033577,UNKNOWN,11,0)]
Hibernate: 
    insert 
    into
        user_friend
        (created_at, from_id, modified_at, status, to_id, version) 
    values
        (?, ?, ?, ?, ?, ?)

Name:DATA_SOURCE_PROXY, Connection:5, Time:2, Success:True
Type:Prepared, Batch:False, QuerySize:1, BatchSize:0
Query:["
    insert 
    into
        user_friend
        (created_at, from_id, modified_at, status, to_id, version) 
    values
        (?, ?, ?, ?, ?, ?)"]
Params:[(2024-04-09 14:31:06.035498,16,2024-04-09 14:31:06.035498,ACCEPT,11,0)]
Hibernate: 
    select
        u1_0.id,
        u1_0.baby_months,
        u1_0.email,
        u1_0.email_verified,
        u1_0.first,
        u1_0.issuer,
        u1_0.last,
        u1_0.subject,
        u1_0.content,
        u1_0.created_at,
        u1_0.modified_at,
        u1_0.username,
        u1_0.version 
    from
        user_friend uf1_0 
    join
        users u1_0 
            on u1_0.id=uf1_0.to_id 
    where
        uf1_0.status=? 
        and u1_0.id in (select
            uf2_0.from_id 
        from
            user_friend uf2_0 
        join
            users u2_0 
                on u2_0.id=uf2_0.to_id 
        where
            uf2_0.status=? 
            and u2_0.username=?)

Name:DATA_SOURCE_PROXY, Connection:5, Time:16, Success:True
Type:Prepared, Batch:False, QuerySize:1, BatchSize:0
Query:["
    select
        u1_0.id,
        u1_0.baby_months,
        u1_0.email,
        u1_0.email_verified,
        u1_0.first,
        u1_0.issuer,
        u1_0.last,
        u1_0.subject,
        u1_0.content,
        u1_0.created_at,
        u1_0.modified_at,
        u1_0.username,
        u1_0.version 
    from
        user_friend uf1_0 
    join
        users u1_0 
            on u1_0.id=uf1_0.to_id 
    where
        uf1_0.status=? 
        and u1_0.id in (select
            uf2_0.from_id 
        from
            user_friend uf2_0 
        join
            users u2_0 
                on u2_0.id=uf2_0.to_id 
        where
            uf2_0.status=? 
            and u2_0.username=?)"]
Params:[(ACCEPT,ACCEPT,test0)]
Hibernate: 
    insert 
    into
        users
        (baby_months, email, email_verified, first, issuer, last, subject, content, created_at, modified_at, username, version) 
    values
        (?, ?, ?, ?, ?, ?, ?, ?, ?, ?, ?, ?)

Name:DATA_SOURCE_PROXY, Connection:6, Time:2, Success:True
Type:Prepared, Batch:False, QuerySize:1, BatchSize:0
Query:["
    insert 
    into
        users
        (baby_months, email, email_verified, first, issuer, last, subject, content, created_at, modified_at, username, version) 
    values
        (?, ?, ?, ?, ?, ?, ?, ?, ?, ?, ?, ?)"]
Params:[(213,BJMUBE,true,IDTQ,DHBEBXFEZ,NYXDPY,HZUUDOJ,NNI,2024-04-09 14:31:06.072024,2024-04-09 14:31:06.072024,test0,1902)]
Hibernate: 
    insert 
    into
        users
        (baby_months, email, email_verified, first, issuer, last, subject, content, created_at, modified_at, username, version) 
    values
        (?, ?, ?, ?, ?, ?, ?, ?, ?, ?, ?, ?)

Name:DATA_SOURCE_PROXY, Connection:6, Time:2, Success:True
Type:Prepared, Batch:False, QuerySize:1, BatchSize:0
Query:["
    insert 
    into
        users
        (baby_months, email, email_verified, first, issuer, last, subject, content, created_at, modified_at, username, version) 
    values
        (?, ?, ?, ?, ?, ?, ?, ?, ?, ?, ?, ?)"]
Params:[(166,KIS,true,LRGQOQNPC,LZLXUDFZV,VAYRSAA,HRXB,R,2024-04-09 14:31:06.075474,2024-04-09 14:31:06.075474,test1,2018)]
Hibernate: 
    insert 
    into
        users
        (baby_months, email, email_verified, first, issuer, last, subject, content, created_at, modified_at, username, version) 
    values
        (?, ?, ?, ?, ?, ?, ?, ?, ?, ?, ?, ?)

Name:DATA_SOURCE_PROXY, Connection:6, Time:1, Success:True
Type:Prepared, Batch:False, QuerySize:1, BatchSize:0
Query:["
    insert 
    into
        users
        (baby_months, email, email_verified, first, issuer, last, subject, content, created_at, modified_at, username, version) 
    values
        (?, ?, ?, ?, ?, ?, ?, ?, ?, ?, ?, ?)"]
Params:[(271,DWMCIGA,false,ORBYG,XYE,UGUQUHMUS,KIYC,MKFBS,2024-04-09 14:31:06.077714,2024-04-09 14:31:06.077714,test2,3692)]
Hibernate: 
    insert 
    into
        users
        (baby_months, email, email_verified, first, issuer, last, subject, content, created_at, modified_at, username, version) 
    values
        (?, ?, ?, ?, ?, ?, ?, ?, ?, ?, ?, ?)

Name:DATA_SOURCE_PROXY, Connection:6, Time:2, Success:True
Type:Prepared, Batch:False, QuerySize:1, BatchSize:0
Query:["
    insert 
    into
        users
        (baby_months, email, email_verified, first, issuer, last, subject, content, created_at, modified_at, username, version) 
    values
        (?, ?, ?, ?, ?, ?, ?, ?, ?, ?, ?, ?)"]
Params:[(53,CXF,false,ZSAEHFOVHC,HXTMDXCTNI,KFSX,IDFWK,GED,2024-04-09 14:31:06.08018,2024-04-09 14:31:06.08018,test3,2383)]
Hibernate: 
    insert 
    into
        users
        (baby_months, email, email_verified, first, issuer, last, subject, content, created_at, modified_at, username, version) 
    values
        (?, ?, ?, ?, ?, ?, ?, ?, ?, ?, ?, ?)

Name:DATA_SOURCE_PROXY, Connection:6, Time:1, Success:True
Type:Prepared, Batch:False, QuerySize:1, BatchSize:0
Query:["
    insert 
    into
        users
        (baby_months, email, email_verified, first, issuer, last, subject, content, created_at, modified_at, username, version) 
    values
        (?, ?, ?, ?, ?, ?, ?, ?, ?, ?, ?, ?)"]
Params:[(250,NDDHTNVQ,false,VDOZUNV,RHUSUNUCMG,WYSSEXRKX,DWPED,F,2024-04-09 14:31:06.082861,2024-04-09 14:31:06.082861,test4,9433)]
Hibernate: 
    insert 
    into
        users
        (baby_months, email, email_verified, first, issuer, last, subject, content, created_at, modified_at, username, version) 
    values
        (?, ?, ?, ?, ?, ?, ?, ?, ?, ?, ?, ?)

Name:DATA_SOURCE_PROXY, Connection:6, Time:4, Success:True
Type:Prepared, Batch:False, QuerySize:1, BatchSize:0
Query:["
    insert 
    into
        users
        (baby_months, email, email_verified, first, issuer, last, subject, content, created_at, modified_at, username, version) 
    values
        (?, ?, ?, ?, ?, ?, ?, ?, ?, ?, ?, ?)"]
Params:[(37,OKMAGFQN,true,SMJULUZOWM,DWTTZMDGP,CGRBJQ,KZQP,X,2024-04-09 14:31:06.084967,2024-04-09 14:31:06.084967,test5,5744)]
Hibernate: 
    insert 
    into
        users
        (baby_months, email, email_verified, first, issuer, last, subject, content, created_at, modified_at, username, version) 
    values
        (?, ?, ?, ?, ?, ?, ?, ?, ?, ?, ?, ?)

Name:DATA_SOURCE_PROXY, Connection:6, Time:1, Success:True
Type:Prepared, Batch:False, QuerySize:1, BatchSize:0
Query:["
    insert 
    into
        users
        (baby_months, email, email_verified, first, issuer, last, subject, content, created_at, modified_at, username, version) 
    values
        (?, ?, ?, ?, ?, ?, ?, ?, ?, ?, ?, ?)"]
Params:[(282,GNX,true,NRXW,YCJHBCQA,DDASLQTI,VPWHGY,UICFFYCKIR,2024-04-09 14:31:06.090867,2024-04-09 14:31:06.090867,test6,3287)]
Hibernate: 
    insert 
    into
        users
        (baby_months, email, email_verified, first, issuer, last, subject, content, created_at, modified_at, username, version) 
    values
        (?, ?, ?, ?, ?, ?, ?, ?, ?, ?, ?, ?)

Name:DATA_SOURCE_PROXY, Connection:6, Time:2, Success:True
Type:Prepared, Batch:False, QuerySize:1, BatchSize:0
Query:["
    insert 
    into
        users
        (baby_months, email, email_verified, first, issuer, last, subject, content, created_at, modified_at, username, version) 
    values
        (?, ?, ?, ?, ?, ?, ?, ?, ?, ?, ?, ?)"]
Params:[(213,ZMIVVQAC,true,JEVBQDG,AEABIL,XCJUAF,GTJDMKMSTG,GORAYJGSN,2024-04-09 14:31:06.093264,2024-04-09 14:31:06.093264,test7,3875)]
Hibernate: 
    insert 
    into
        users
        (baby_months, email, email_verified, first, issuer, last, subject, content, created_at, modified_at, username, version) 
    values
        (?, ?, ?, ?, ?, ?, ?, ?, ?, ?, ?, ?)

Name:DATA_SOURCE_PROXY, Connection:6, Time:2, Success:True
Type:Prepared, Batch:False, QuerySize:1, BatchSize:0
Query:["
    insert 
    into
        users
        (baby_months, email, email_verified, first, issuer, last, subject, content, created_at, modified_at, username, version) 
    values
        (?, ?, ?, ?, ?, ?, ?, ?, ?, ?, ?, ?)"]
Params:[(189,AQZM,true,DIADDE,YKSP,DSWCCME,GPGIRSOH,HGLXGMJOS,2024-04-09 14:31:06.09538,2024-04-09 14:31:06.09538,test8,1163)]
Hibernate: 
    insert 
    into
        users
        (baby_months, email, email_verified, first, issuer, last, subject, content, created_at, modified_at, username, version) 
    values
        (?, ?, ?, ?, ?, ?, ?, ?, ?, ?, ?, ?)

Name:DATA_SOURCE_PROXY, Connection:6, Time:1, Success:True
Type:Prepared, Batch:False, QuerySize:1, BatchSize:0
Query:["
    insert 
    into
        users
        (baby_months, email, email_verified, first, issuer, last, subject, content, created_at, modified_at, username, version) 
    values
        (?, ?, ?, ?, ?, ?, ?, ?, ?, ?, ?, ?)"]
Params:[(7,PQMX,false,HMHJKZP,FURY,NVCVX,QJCCLJP,HWLWW,2024-04-09 14:31:06.097728,2024-04-09 14:31:06.097728,test9,1801)]
Hibernate: 
    update
        users 
    set
        baby_months=?,
        email=?,
        email_verified=?,
        first=?,
        issuer=?,
        last=?,
        subject=?,
        content=?,
        modified_at=?,
        username=?,
        version=? 
    where
        id=? 
        and version=?

Name:DATA_SOURCE_PROXY, Connection:6, Time:2, Success:True
Type:Prepared, Batch:False, QuerySize:1, BatchSize:0
Query:["
    update
        users 
    set
        baby_months=?,
        email=?,
        email_verified=?,
        first=?,
        issuer=?,
        last=?,
        subject=?,
        content=?,
        modified_at=?,
        username=?,
        version=? 
    where
        id=? 
        and version=?"]
Params:[(213,BJMUBE,true,IDTQ,DHBEBXFEZ,NYXDPY,HZUUDOJ,NNI,2024-04-09 14:31:06.101369,test0,1903,21,1902)]
Hibernate: 
    update
        users 
    set
        baby_months=?,
        email=?,
        email_verified=?,
        first=?,
        issuer=?,
        last=?,
        subject=?,
        content=?,
        modified_at=?,
        username=?,
        version=? 
    where
        id=? 
        and version=?

Name:DATA_SOURCE_PROXY, Connection:6, Time:2, Success:True
Type:Prepared, Batch:False, QuerySize:1, BatchSize:0
Query:["
    update
        users 
    set
        baby_months=?,
        email=?,
        email_verified=?,
        first=?,
        issuer=?,
        last=?,
        subject=?,
        content=?,
        modified_at=?,
        username=?,
        version=? 
    where
        id=? 
        and version=?"]
Params:[(166,KIS,true,LRGQOQNPC,LZLXUDFZV,VAYRSAA,HRXB,R,2024-04-09 14:31:06.101495,test1,2019,22,2018)]
Hibernate: 
    update
        users 
    set
        baby_months=?,
        email=?,
        email_verified=?,
        first=?,
        issuer=?,
        last=?,
        subject=?,
        content=?,
        modified_at=?,
        username=?,
        version=? 
    where
        id=? 
        and version=?

Name:DATA_SOURCE_PROXY, Connection:6, Time:1, Success:True
Type:Prepared, Batch:False, QuerySize:1, BatchSize:0
Query:["
    update
        users 
    set
        baby_months=?,
        email=?,
        email_verified=?,
        first=?,
        issuer=?,
        last=?,
        subject=?,
        content=?,
        modified_at=?,
        username=?,
        version=? 
    where
        id=? 
        and version=?"]
Params:[(271,DWMCIGA,false,ORBYG,XYE,UGUQUHMUS,KIYC,MKFBS,2024-04-09 14:31:06.101584,test2,3693,23,3692)]
Hibernate: 
    update
        users 
    set
        baby_months=?,
        email=?,
        email_verified=?,
        first=?,
        issuer=?,
        last=?,
        subject=?,
        content=?,
        modified_at=?,
        username=?,
        version=? 
    where
        id=? 
        and version=?

Name:DATA_SOURCE_PROXY, Connection:6, Time:1, Success:True
Type:Prepared, Batch:False, QuerySize:1, BatchSize:0
Query:["
    update
        users 
    set
        baby_months=?,
        email=?,
        email_verified=?,
        first=?,
        issuer=?,
        last=?,
        subject=?,
        content=?,
        modified_at=?,
        username=?,
        version=? 
    where
        id=? 
        and version=?"]
Params:[(53,CXF,false,ZSAEHFOVHC,HXTMDXCTNI,KFSX,IDFWK,GED,2024-04-09 14:31:06.101664,test3,2384,24,2383)]
Hibernate: 
    update
        users 
    set
        baby_months=?,
        email=?,
        email_verified=?,
        first=?,
        issuer=?,
        last=?,
        subject=?,
        content=?,
        modified_at=?,
        username=?,
        version=? 
    where
        id=? 
        and version=?

Name:DATA_SOURCE_PROXY, Connection:6, Time:1, Success:True
Type:Prepared, Batch:False, QuerySize:1, BatchSize:0
Query:["
    update
        users 
    set
        baby_months=?,
        email=?,
        email_verified=?,
        first=?,
        issuer=?,
        last=?,
        subject=?,
        content=?,
        modified_at=?,
        username=?,
        version=? 
    where
        id=? 
        and version=?"]
Params:[(250,NDDHTNVQ,false,VDOZUNV,RHUSUNUCMG,WYSSEXRKX,DWPED,F,2024-04-09 14:31:06.101744,test4,9434,25,9433)]
Hibernate: 
    update
        users 
    set
        baby_months=?,
        email=?,
        email_verified=?,
        first=?,
        issuer=?,
        last=?,
        subject=?,
        content=?,
        modified_at=?,
        username=?,
        version=? 
    where
        id=? 
        and version=?

Name:DATA_SOURCE_PROXY, Connection:6, Time:1, Success:True
Type:Prepared, Batch:False, QuerySize:1, BatchSize:0
Query:["
    update
        users 
    set
        baby_months=?,
        email=?,
        email_verified=?,
        first=?,
        issuer=?,
        last=?,
        subject=?,
        content=?,
        modified_at=?,
        username=?,
        version=? 
    where
        id=? 
        and version=?"]
Params:[(37,OKMAGFQN,true,SMJULUZOWM,DWTTZMDGP,CGRBJQ,KZQP,X,2024-04-09 14:31:06.101826,test5,5745,26,5744)]
Hibernate: 
    update
        users 
    set
        baby_months=?,
        email=?,
        email_verified=?,
        first=?,
        issuer=?,
        last=?,
        subject=?,
        content=?,
        modified_at=?,
        username=?,
        version=? 
    where
        id=? 
        and version=?

Name:DATA_SOURCE_PROXY, Connection:6, Time:1, Success:True
Type:Prepared, Batch:False, QuerySize:1, BatchSize:0
Query:["
    update
        users 
    set
        baby_months=?,
        email=?,
        email_verified=?,
        first=?,
        issuer=?,
        last=?,
        subject=?,
        content=?,
        modified_at=?,
        username=?,
        version=? 
    where
        id=? 
        and version=?"]
Params:[(282,GNX,true,NRXW,YCJHBCQA,DDASLQTI,VPWHGY,UICFFYCKIR,2024-04-09 14:31:06.101903,test6,3288,27,3287)]
Hibernate: 
    update
        users 
    set
        baby_months=?,
        email=?,
        email_verified=?,
        first=?,
        issuer=?,
        last=?,
        subject=?,
        content=?,
        modified_at=?,
        username=?,
        version=? 
    where
        id=? 
        and version=?

Name:DATA_SOURCE_PROXY, Connection:6, Time:1, Success:True
Type:Prepared, Batch:False, QuerySize:1, BatchSize:0
Query:["
    update
        users 
    set
        baby_months=?,
        email=?,
        email_verified=?,
        first=?,
        issuer=?,
        last=?,
        subject=?,
        content=?,
        modified_at=?,
        username=?,
        version=? 
    where
        id=? 
        and version=?"]
Params:[(213,ZMIVVQAC,true,JEVBQDG,AEABIL,XCJUAF,GTJDMKMSTG,GORAYJGSN,2024-04-09 14:31:06.101983,test7,3876,28,3875)]
Hibernate: 
    update
        users 
    set
        baby_months=?,
        email=?,
        email_verified=?,
        first=?,
        issuer=?,
        last=?,
        subject=?,
        content=?,
        modified_at=?,
        username=?,
        version=? 
    where
        id=? 
        and version=?

Name:DATA_SOURCE_PROXY, Connection:6, Time:0, Success:True
Type:Prepared, Batch:False, QuerySize:1, BatchSize:0
Query:["
    update
        users 
    set
        baby_months=?,
        email=?,
        email_verified=?,
        first=?,
        issuer=?,
        last=?,
        subject=?,
        content=?,
        modified_at=?,
        username=?,
        version=? 
    where
        id=? 
        and version=?"]
Params:[(189,AQZM,true,DIADDE,YKSP,DSWCCME,GPGIRSOH,HGLXGMJOS,2024-04-09 14:31:06.102404,test8,1164,29,1163)]
Hibernate: 
    update
        users 
    set
        baby_months=?,
        email=?,
        email_verified=?,
        first=?,
        issuer=?,
        last=?,
        subject=?,
        content=?,
        modified_at=?,
        username=?,
        version=? 
    where
        id=? 
        and version=?

Name:DATA_SOURCE_PROXY, Connection:6, Time:1, Success:True
Type:Prepared, Batch:False, QuerySize:1, BatchSize:0
Query:["
    update
        users 
    set
        baby_months=?,
        email=?,
        email_verified=?,
        first=?,
        issuer=?,
        last=?,
        subject=?,
        content=?,
        modified_at=?,
        username=?,
        version=? 
    where
        id=? 
        and version=?"]
Params:[(7,PQMX,false,HMHJKZP,FURY,NVCVX,QJCCLJP,HWLWW,2024-04-09 14:31:06.10249,test9,1802,30,1801)]
Hibernate: 
    select
        u1_0.id,
        u1_0.baby_months,
        u1_0.email,
        u1_0.email_verified,
        u1_0.first,
        u1_0.issuer,
        u1_0.last,
        u1_0.subject,
        u1_0.content,
        u1_0.created_at,
        u1_0.modified_at,
        u1_0.username,
        u1_0.version 
    from
        users u1_0

Name:DATA_SOURCE_PROXY, Connection:6, Time:3, Success:True
Type:Prepared, Batch:False, QuerySize:1, BatchSize:0
Query:["
    select
        u1_0.id,
        u1_0.baby_months,
        u1_0.email,
        u1_0.email_verified,
        u1_0.first,
        u1_0.issuer,
        u1_0.last,
        u1_0.subject,
        u1_0.content,
        u1_0.created_at,
        u1_0.modified_at,
        u1_0.username,
        u1_0.version 
    from
        users u1_0"]
Params:[()]
Hibernate: 
    insert 
    into
        user_friend
        (created_at, from_id, modified_at, status, to_id, version) 
    values
        (?, ?, ?, ?, ?, ?)

Name:DATA_SOURCE_PROXY, Connection:6, Time:2, Success:True
Type:Prepared, Batch:False, QuerySize:1, BatchSize:0
Query:["
    insert 
    into
        user_friend
        (created_at, from_id, modified_at, status, to_id, version) 
    values
        (?, ?, ?, ?, ?, ?)"]
Params:[(2024-04-09 14:31:06.124367,21,2024-04-09 14:31:06.124367,REQUEST,22,0)]
Hibernate: 
    insert 
    into
        user_friend
        (created_at, from_id, modified_at, status, to_id, version) 
    values
        (?, ?, ?, ?, ?, ?)

Name:DATA_SOURCE_PROXY, Connection:6, Time:2, Success:True
Type:Prepared, Batch:False, QuerySize:1, BatchSize:0
Query:["
    insert 
    into
        user_friend
        (created_at, from_id, modified_at, status, to_id, version) 
    values
        (?, ?, ?, ?, ?, ?)"]
Params:[(2024-04-09 14:31:06.127262,21,2024-04-09 14:31:06.127262,REQUEST,23,0)]
Hibernate: 
    insert 
    into
        user_friend
        (created_at, from_id, modified_at, status, to_id, version) 
    values
        (?, ?, ?, ?, ?, ?)

Name:DATA_SOURCE_PROXY, Connection:6, Time:2, Success:True
Type:Prepared, Batch:False, QuerySize:1, BatchSize:0
Query:["
    insert 
    into
        user_friend
        (created_at, from_id, modified_at, status, to_id, version) 
    values
        (?, ?, ?, ?, ?, ?)"]
Params:[(2024-04-09 14:31:06.129493,22,2024-04-09 14:31:06.129493,UNKNOWN,21,0)]
Hibernate: 
    insert 
    into
        user_friend
        (created_at, from_id, modified_at, status, to_id, version) 
    values
        (?, ?, ?, ?, ?, ?)

Name:DATA_SOURCE_PROXY, Connection:6, Time:1, Success:True
Type:Prepared, Batch:False, QuerySize:1, BatchSize:0
Query:["
    insert 
    into
        user_friend
        (created_at, from_id, modified_at, status, to_id, version) 
    values
        (?, ?, ?, ?, ?, ?)"]
Params:[(2024-04-09 14:31:06.131921,23,2024-04-09 14:31:06.131921,UNKNOWN,21,0)]
Hibernate: 
    select
        u1_0.id,
        u1_0.baby_months,
        u1_0.email,
        u1_0.email_verified,
        u1_0.first,
        u1_0.issuer,
        u1_0.last,
        u1_0.subject,
        u1_0.content,
        u1_0.created_at,
        u1_0.modified_at,
        u1_0.username,
        u1_0.version 
    from
        user_friend uf1_0 
    join
        users u1_0 
            on u1_0.id=uf1_0.to_id 
    where
        uf1_0.status=? 
        and u1_0.id in (select
            uf2_0.from_id 
        from
            user_friend uf2_0 
        join
            users u2_0 
                on u2_0.id=uf2_0.to_id 
        where
            uf2_0.status=? 
            and u2_0.username=?)

Name:DATA_SOURCE_PROXY, Connection:6, Time:4, Success:True
Type:Prepared, Batch:False, QuerySize:1, BatchSize:0
Query:["
    select
        u1_0.id,
        u1_0.baby_months,
        u1_0.email,
        u1_0.email_verified,
        u1_0.first,
        u1_0.issuer,
        u1_0.last,
        u1_0.subject,
        u1_0.content,
        u1_0.created_at,
        u1_0.modified_at,
        u1_0.username,
        u1_0.version 
    from
        user_friend uf1_0 
    join
        users u1_0 
            on u1_0.id=uf1_0.to_id 
    where
        uf1_0.status=? 
        and u1_0.id in (select
            uf2_0.from_id 
        from
            user_friend uf2_0 
        join
            users u2_0 
                on u2_0.id=uf2_0.to_id 
        where
            uf2_0.status=? 
            and u2_0.username=?)"]
Params:[(ACCEPT,ACCEPT,test0)]
Hibernate: 
    insert 
    into
        users
        (baby_months, email, email_verified, first, issuer, last, subject, content, created_at, modified_at, username, version) 
    values
        (?, ?, ?, ?, ?, ?, ?, ?, ?, ?, ?, ?)

Name:DATA_SOURCE_PROXY, Connection:7, Time:3, Success:True
Type:Prepared, Batch:False, QuerySize:1, BatchSize:0
Query:["
    insert 
    into
        users
        (baby_months, email, email_verified, first, issuer, last, subject, content, created_at, modified_at, username, version) 
    values
        (?, ?, ?, ?, ?, ?, ?, ?, ?, ?, ?, ?)"]
Params:[(120,VCMXIJ,false,MTA,RAR,CJD,IZCHBXKJV,GQI,2024-04-09 14:31:06.148581,2024-04-09 14:31:06.148581,test0,4840)]
Hibernate: 
    insert 
    into
        users
        (baby_months, email, email_verified, first, issuer, last, subject, content, created_at, modified_at, username, version) 
    values
        (?, ?, ?, ?, ?, ?, ?, ?, ?, ?, ?, ?)

Name:DATA_SOURCE_PROXY, Connection:7, Time:2, Success:True
Type:Prepared, Batch:False, QuerySize:1, BatchSize:0
Query:["
    insert 
    into
        users
        (baby_months, email, email_verified, first, issuer, last, subject, content, created_at, modified_at, username, version) 
    values
        (?, ?, ?, ?, ?, ?, ?, ?, ?, ?, ?, ?)"]
Params:[(214,JLU,false,WLNZSKJUNM,PTCCGBHH,NRUDZWVJ,JZPQ,IBPVUDHJV,2024-04-09 14:31:06.153003,2024-04-09 14:31:06.153003,test1,2276)]
Hibernate: 
    insert 
    into
        users
        (baby_months, email, email_verified, first, issuer, last, subject, content, created_at, modified_at, username, version) 
    values
        (?, ?, ?, ?, ?, ?, ?, ?, ?, ?, ?, ?)

Name:DATA_SOURCE_PROXY, Connection:7, Time:2, Success:True
Type:Prepared, Batch:False, QuerySize:1, BatchSize:0
Query:["
    insert 
    into
        users
        (baby_months, email, email_verified, first, issuer, last, subject, content, created_at, modified_at, username, version) 
    values
        (?, ?, ?, ?, ?, ?, ?, ?, ?, ?, ?, ?)"]
Params:[(7,UKGXCHL,false,IEW,BSNQXUOKQS,KLKTDF,AXTW,ARLJPJPS,2024-04-09 14:31:06.156075,2024-04-09 14:31:06.156075,test2,685)]
Hibernate: 
    insert 
    into
        users
        (baby_months, email, email_verified, first, issuer, last, subject, content, created_at, modified_at, username, version) 
    values
        (?, ?, ?, ?, ?, ?, ?, ?, ?, ?, ?, ?)

Name:DATA_SOURCE_PROXY, Connection:7, Time:3, Success:True
Type:Prepared, Batch:False, QuerySize:1, BatchSize:0
Query:["
    insert 
    into
        users
        (baby_months, email, email_verified, first, issuer, last, subject, content, created_at, modified_at, username, version) 
    values
        (?, ?, ?, ?, ?, ?, ?, ?, ?, ?, ?, ?)"]
Params:[(116,IYWEYEJD,true,NNDBNBEDXI,STZTCJ,ICJ,SUG,XYJ,2024-04-09 14:31:06.158626,2024-04-09 14:31:06.158626,test3,5262)]
Hibernate: 
    insert 
    into
        users
        (baby_months, email, email_verified, first, issuer, last, subject, content, created_at, modified_at, username, version) 
    values
        (?, ?, ?, ?, ?, ?, ?, ?, ?, ?, ?, ?)

Name:DATA_SOURCE_PROXY, Connection:7, Time:2, Success:True
Type:Prepared, Batch:False, QuerySize:1, BatchSize:0
Query:["
    insert 
    into
        users
        (baby_months, email, email_verified, first, issuer, last, subject, content, created_at, modified_at, username, version) 
    values
        (?, ?, ?, ?, ?, ?, ?, ?, ?, ?, ?, ?)"]
Params:[(216,ANTGXQBV,false,BNC,AIU,TZF,RHWXKD,Y,2024-04-09 14:31:06.162154,2024-04-09 14:31:06.162154,test4,1622)]
Hibernate: 
    insert 
    into
        users
        (baby_months, email, email_verified, first, issuer, last, subject, content, created_at, modified_at, username, version) 
    values
        (?, ?, ?, ?, ?, ?, ?, ?, ?, ?, ?, ?)

Name:DATA_SOURCE_PROXY, Connection:7, Time:3, Success:True
Type:Prepared, Batch:False, QuerySize:1, BatchSize:0
Query:["
    insert 
    into
        users
        (baby_months, email, email_verified, first, issuer, last, subject, content, created_at, modified_at, username, version) 
    values
        (?, ?, ?, ?, ?, ?, ?, ?, ?, ?, ?, ?)"]
Params:[(265,QBMLMGDL,false,UIOUAATKKR,ZXMCHXO,FHENUZK,AMLMTVKYU,NIJ,2024-04-09 14:31:06.165145,2024-04-09 14:31:06.165145,test5,7034)]
Hibernate: 
    insert 
    into
        users
        (baby_months, email, email_verified, first, issuer, last, subject, content, created_at, modified_at, username, version) 
    values
        (?, ?, ?, ?, ?, ?, ?, ?, ?, ?, ?, ?)

Name:DATA_SOURCE_PROXY, Connection:7, Time:9, Success:True
Type:Prepared, Batch:False, QuerySize:1, BatchSize:0
Query:["
    insert 
    into
        users
        (baby_months, email, email_verified, first, issuer, last, subject, content, created_at, modified_at, username, version) 
    values
        (?, ?, ?, ?, ?, ?, ?, ?, ?, ?, ?, ?)"]
Params:[(79,NDSEBQB,false,ECQMMAZ,ULF,FPADQRWVF,GYPPSOYTDV,YBVXNHCZGS,2024-04-09 14:31:06.168514,2024-04-09 14:31:06.168514,test6,649)]
Hibernate: 
    insert 
    into
        users
        (baby_months, email, email_verified, first, issuer, last, subject, content, created_at, modified_at, username, version) 
    values
        (?, ?, ?, ?, ?, ?, ?, ?, ?, ?, ?, ?)

Name:DATA_SOURCE_PROXY, Connection:7, Time:2, Success:True
Type:Prepared, Batch:False, QuerySize:1, BatchSize:0
Query:["
    insert 
    into
        users
        (baby_months, email, email_verified, first, issuer, last, subject, content, created_at, modified_at, username, version) 
    values
        (?, ?, ?, ?, ?, ?, ?, ?, ?, ?, ?, ?)"]
Params:[(191,FXHNBE,true,NEFWUFRQOO,JMBZKHW,NYUXD,YSR,ZUGPSCYEML,2024-04-09 14:31:06.178163,2024-04-09 14:31:06.178163,test7,9030)]
Hibernate: 
    insert 
    into
        users
        (baby_months, email, email_verified, first, issuer, last, subject, content, created_at, modified_at, username, version) 
    values
        (?, ?, ?, ?, ?, ?, ?, ?, ?, ?, ?, ?)

Name:DATA_SOURCE_PROXY, Connection:7, Time:1, Success:True
Type:Prepared, Batch:False, QuerySize:1, BatchSize:0
Query:["
    insert 
    into
        users
        (baby_months, email, email_verified, first, issuer, last, subject, content, created_at, modified_at, username, version) 
    values
        (?, ?, ?, ?, ?, ?, ?, ?, ?, ?, ?, ?)"]
Params:[(66,QQDX,true,CDOQ,BFO,YDESFB,WUBPG,RNFP,2024-04-09 14:31:06.180856,2024-04-09 14:31:06.180856,test8,2001)]
Hibernate: 
    insert 
    into
        users
        (baby_months, email, email_verified, first, issuer, last, subject, content, created_at, modified_at, username, version) 
    values
        (?, ?, ?, ?, ?, ?, ?, ?, ?, ?, ?, ?)

Name:DATA_SOURCE_PROXY, Connection:7, Time:2, Success:True
Type:Prepared, Batch:False, QuerySize:1, BatchSize:0
Query:["
    insert 
    into
        users
        (baby_months, email, email_verified, first, issuer, last, subject, content, created_at, modified_at, username, version) 
    values
        (?, ?, ?, ?, ?, ?, ?, ?, ?, ?, ?, ?)"]
Params:[(15,FAV,true,VBE,UYT,ZSV,QWJWELDT,GIGGDR,2024-04-09 14:31:06.18344,2024-04-09 14:31:06.18344,test9,9552)]
Hibernate: 
    update
        users 
    set
        baby_months=?,
        email=?,
        email_verified=?,
        first=?,
        issuer=?,
        last=?,
        subject=?,
        content=?,
        modified_at=?,
        username=?,
        version=? 
    where
        id=? 
        and version=?

Name:DATA_SOURCE_PROXY, Connection:7, Time:1, Success:True
Type:Prepared, Batch:False, QuerySize:1, BatchSize:0
Query:["
    update
        users 
    set
        baby_months=?,
        email=?,
        email_verified=?,
        first=?,
        issuer=?,
        last=?,
        subject=?,
        content=?,
        modified_at=?,
        username=?,
        version=? 
    where
        id=? 
        and version=?"]
Params:[(120,VCMXIJ,false,MTA,RAR,CJD,IZCHBXKJV,GQI,2024-04-09 14:31:06.186371,test0,4841,31,4840)]
Hibernate: 
    update
        users 
    set
        baby_months=?,
        email=?,
        email_verified=?,
        first=?,
        issuer=?,
        last=?,
        subject=?,
        content=?,
        modified_at=?,
        username=?,
        version=? 
    where
        id=? 
        and version=?

Name:DATA_SOURCE_PROXY, Connection:7, Time:1, Success:True
Type:Prepared, Batch:False, QuerySize:1, BatchSize:0
Query:["
    update
        users 
    set
        baby_months=?,
        email=?,
        email_verified=?,
        first=?,
        issuer=?,
        last=?,
        subject=?,
        content=?,
        modified_at=?,
        username=?,
        version=? 
    where
        id=? 
        and version=?"]
Params:[(214,JLU,false,WLNZSKJUNM,PTCCGBHH,NRUDZWVJ,JZPQ,IBPVUDHJV,2024-04-09 14:31:06.18648,test1,2277,32,2276)]
Hibernate: 
    update
        users 
    set
        baby_months=?,
        email=?,
        email_verified=?,
        first=?,
        issuer=?,
        last=?,
        subject=?,
        content=?,
        modified_at=?,
        username=?,
        version=? 
    where
        id=? 
        and version=?

Name:DATA_SOURCE_PROXY, Connection:7, Time:1, Success:True
Type:Prepared, Batch:False, QuerySize:1, BatchSize:0
Query:["
    update
        users 
    set
        baby_months=?,
        email=?,
        email_verified=?,
        first=?,
        issuer=?,
        last=?,
        subject=?,
        content=?,
        modified_at=?,
        username=?,
        version=? 
    where
        id=? 
        and version=?"]
Params:[(7,UKGXCHL,false,IEW,BSNQXUOKQS,KLKTDF,AXTW,ARLJPJPS,2024-04-09 14:31:06.186555,test2,686,33,685)]
Hibernate: 
    update
        users 
    set
        baby_months=?,
        email=?,
        email_verified=?,
        first=?,
        issuer=?,
        last=?,
        subject=?,
        content=?,
        modified_at=?,
        username=?,
        version=? 
    where
        id=? 
        and version=?

Name:DATA_SOURCE_PROXY, Connection:7, Time:1, Success:True
Type:Prepared, Batch:False, QuerySize:1, BatchSize:0
Query:["
    update
        users 
    set
        baby_months=?,
        email=?,
        email_verified=?,
        first=?,
        issuer=?,
        last=?,
        subject=?,
        content=?,
        modified_at=?,
        username=?,
        version=? 
    where
        id=? 
        and version=?"]
Params:[(116,IYWEYEJD,true,NNDBNBEDXI,STZTCJ,ICJ,SUG,XYJ,2024-04-09 14:31:06.186641,test3,5263,34,5262)]
Hibernate: 
    update
        users 
    set
        baby_months=?,
        email=?,
        email_verified=?,
        first=?,
        issuer=?,
        last=?,
        subject=?,
        content=?,
        modified_at=?,
        username=?,
        version=? 
    where
        id=? 
        and version=?

Name:DATA_SOURCE_PROXY, Connection:7, Time:1, Success:True
Type:Prepared, Batch:False, QuerySize:1, BatchSize:0
Query:["
    update
        users 
    set
        baby_months=?,
        email=?,
        email_verified=?,
        first=?,
        issuer=?,
        last=?,
        subject=?,
        content=?,
        modified_at=?,
        username=?,
        version=? 
    where
        id=? 
        and version=?"]
Params:[(216,ANTGXQBV,false,BNC,AIU,TZF,RHWXKD,Y,2024-04-09 14:31:06.186722,test4,1623,35,1622)]
Hibernate: 
    update
        users 
    set
        baby_months=?,
        email=?,
        email_verified=?,
        first=?,
        issuer=?,
        last=?,
        subject=?,
        content=?,
        modified_at=?,
        username=?,
        version=? 
    where
        id=? 
        and version=?

Name:DATA_SOURCE_PROXY, Connection:7, Time:1, Success:True
Type:Prepared, Batch:False, QuerySize:1, BatchSize:0
Query:["
    update
        users 
    set
        baby_months=?,
        email=?,
        email_verified=?,
        first=?,
        issuer=?,
        last=?,
        subject=?,
        content=?,
        modified_at=?,
        username=?,
        version=? 
    where
        id=? 
        and version=?"]
Params:[(265,QBMLMGDL,false,UIOUAATKKR,ZXMCHXO,FHENUZK,AMLMTVKYU,NIJ,2024-04-09 14:31:06.186793,test5,7035,36,7034)]
Hibernate: 
    update
        users 
    set
        baby_months=?,
        email=?,
        email_verified=?,
        first=?,
        issuer=?,
        last=?,
        subject=?,
        content=?,
        modified_at=?,
        username=?,
        version=? 
    where
        id=? 
        and version=?

Name:DATA_SOURCE_PROXY, Connection:7, Time:2, Success:True
Type:Prepared, Batch:False, QuerySize:1, BatchSize:0
Query:["
    update
        users 
    set
        baby_months=?,
        email=?,
        email_verified=?,
        first=?,
        issuer=?,
        last=?,
        subject=?,
        content=?,
        modified_at=?,
        username=?,
        version=? 
    where
        id=? 
        and version=?"]
Params:[(79,NDSEBQB,false,ECQMMAZ,ULF,FPADQRWVF,GYPPSOYTDV,YBVXNHCZGS,2024-04-09 14:31:06.186869,test6,650,37,649)]
Hibernate: 
    update
        users 
    set
        baby_months=?,
        email=?,
        email_verified=?,
        first=?,
        issuer=?,
        last=?,
        subject=?,
        content=?,
        modified_at=?,
        username=?,
        version=? 
    where
        id=? 
        and version=?

Name:DATA_SOURCE_PROXY, Connection:7, Time:1, Success:True
Type:Prepared, Batch:False, QuerySize:1, BatchSize:0
Query:["
    update
        users 
    set
        baby_months=?,
        email=?,
        email_verified=?,
        first=?,
        issuer=?,
        last=?,
        subject=?,
        content=?,
        modified_at=?,
        username=?,
        version=? 
    where
        id=? 
        and version=?"]
Params:[(191,FXHNBE,true,NEFWUFRQOO,JMBZKHW,NYUXD,YSR,ZUGPSCYEML,2024-04-09 14:31:06.186939,test7,9031,38,9030)]
Hibernate: 
    update
        users 
    set
        baby_months=?,
        email=?,
        email_verified=?,
        first=?,
        issuer=?,
        last=?,
        subject=?,
        content=?,
        modified_at=?,
        username=?,
        version=? 
    where
        id=? 
        and version=?

Name:DATA_SOURCE_PROXY, Connection:7, Time:0, Success:True
Type:Prepared, Batch:False, QuerySize:1, BatchSize:0
Query:["
    update
        users 
    set
        baby_months=?,
        email=?,
        email_verified=?,
        first=?,
        issuer=?,
        last=?,
        subject=?,
        content=?,
        modified_at=?,
        username=?,
        version=? 
    where
        id=? 
        and version=?"]
Params:[(66,QQDX,true,CDOQ,BFO,YDESFB,WUBPG,RNFP,2024-04-09 14:31:06.187076,test8,2002,39,2001)]
Hibernate: 
    update
        users 
    set
        baby_months=?,
        email=?,
        email_verified=?,
        first=?,
        issuer=?,
        last=?,
        subject=?,
        content=?,
        modified_at=?,
        username=?,
        version=? 
    where
        id=? 
        and version=?

Name:DATA_SOURCE_PROXY, Connection:7, Time:1, Success:True
Type:Prepared, Batch:False, QuerySize:1, BatchSize:0
Query:["
    update
        users 
    set
        baby_months=?,
        email=?,
        email_verified=?,
        first=?,
        issuer=?,
        last=?,
        subject=?,
        content=?,
        modified_at=?,
        username=?,
        version=? 
    where
        id=? 
        and version=?"]
Params:[(15,FAV,true,VBE,UYT,ZSV,QWJWELDT,GIGGDR,2024-04-09 14:31:06.187251,test9,9553,40,9552)]
Hibernate: 
    select
        u1_0.id,
        u1_0.baby_months,
        u1_0.email,
        u1_0.email_verified,
        u1_0.first,
        u1_0.issuer,
        u1_0.last,
        u1_0.subject,
        u1_0.content,
        u1_0.created_at,
        u1_0.modified_at,
        u1_0.username,
        u1_0.version 
    from
        users u1_0

Name:DATA_SOURCE_PROXY, Connection:7, Time:1, Success:True
Type:Prepared, Batch:False, QuerySize:1, BatchSize:0
Query:["
    select
        u1_0.id,
        u1_0.baby_months,
        u1_0.email,
        u1_0.email_verified,
        u1_0.first,
        u1_0.issuer,
        u1_0.last,
        u1_0.subject,
        u1_0.content,
        u1_0.created_at,
        u1_0.modified_at,
        u1_0.username,
        u1_0.version 
    from
        users u1_0"]
Params:[()]
Hibernate: 
    insert 
    into
        user_friend
        (created_at, from_id, modified_at, status, to_id, version) 
    values
        (?, ?, ?, ?, ?, ?)

Name:DATA_SOURCE_PROXY, Connection:7, Time:3, Success:True
Type:Prepared, Batch:False, QuerySize:1, BatchSize:0
Query:["
    insert 
    into
        user_friend
        (created_at, from_id, modified_at, status, to_id, version) 
    values
        (?, ?, ?, ?, ?, ?)"]
Params:[(2024-04-09 14:31:06.208142,31,2024-04-09 14:31:06.208142,ACCEPT,32,0)]
Hibernate: 
    insert 
    into
        user_friend
        (created_at, from_id, modified_at, status, to_id, version) 
    values
        (?, ?, ?, ?, ?, ?)

Name:DATA_SOURCE_PROXY, Connection:7, Time:2, Success:True
Type:Prepared, Batch:False, QuerySize:1, BatchSize:0
Query:["
    insert 
    into
        user_friend
        (created_at, from_id, modified_at, status, to_id, version) 
    values
        (?, ?, ?, ?, ?, ?)"]
Params:[(2024-04-09 14:31:06.211264,31,2024-04-09 14:31:06.211264,REQUEST,33,0)]
Hibernate: 
    insert 
    into
        user_friend
        (created_at, from_id, modified_at, status, to_id, version) 
    values
        (?, ?, ?, ?, ?, ?)

Name:DATA_SOURCE_PROXY, Connection:7, Time:2, Success:True
Type:Prepared, Batch:False, QuerySize:1, BatchSize:0
Query:["
    insert 
    into
        user_friend
        (created_at, from_id, modified_at, status, to_id, version) 
    values
        (?, ?, ?, ?, ?, ?)"]
Params:[(2024-04-09 14:31:06.213911,31,2024-04-09 14:31:06.213911,REQUEST,34,0)]
Hibernate: 
    insert 
    into
        user_friend
        (created_at, from_id, modified_at, status, to_id, version) 
    values
        (?, ?, ?, ?, ?, ?)

Name:DATA_SOURCE_PROXY, Connection:7, Time:2, Success:True
Type:Prepared, Batch:False, QuerySize:1, BatchSize:0
Query:["
    insert 
    into
        user_friend
        (created_at, from_id, modified_at, status, to_id, version) 
    values
        (?, ?, ?, ?, ?, ?)"]
Params:[(2024-04-09 14:31:06.216233,31,2024-04-09 14:31:06.216233,REQUEST,35,0)]
Hibernate: 
    insert 
    into
        user_friend
        (created_at, from_id, modified_at, status, to_id, version) 
    values
        (?, ?, ?, ?, ?, ?)

Name:DATA_SOURCE_PROXY, Connection:7, Time:2, Success:True
Type:Prepared, Batch:False, QuerySize:1, BatchSize:0
Query:["
    insert 
    into
        user_friend
        (created_at, from_id, modified_at, status, to_id, version) 
    values
        (?, ?, ?, ?, ?, ?)"]
Params:[(2024-04-09 14:31:06.218614,31,2024-04-09 14:31:06.218614,ACCEPT,36,0)]
Hibernate: 
    insert 
    into
        user_friend
        (created_at, from_id, modified_at, status, to_id, version) 
    values
        (?, ?, ?, ?, ?, ?)

Name:DATA_SOURCE_PROXY, Connection:7, Time:2, Success:True
Type:Prepared, Batch:False, QuerySize:1, BatchSize:0
Query:["
    insert 
    into
        user_friend
        (created_at, from_id, modified_at, status, to_id, version) 
    values
        (?, ?, ?, ?, ?, ?)"]
Params:[(2024-04-09 14:31:06.220707,32,2024-04-09 14:31:06.220707,ACCEPT,31,0)]
Hibernate: 
    insert 
    into
        user_friend
        (created_at, from_id, modified_at, status, to_id, version) 
    values
        (?, ?, ?, ?, ?, ?)

Name:DATA_SOURCE_PROXY, Connection:7, Time:2, Success:True
Type:Prepared, Batch:False, QuerySize:1, BatchSize:0
Query:["
    insert 
    into
        user_friend
        (created_at, from_id, modified_at, status, to_id, version) 
    values
        (?, ?, ?, ?, ?, ?)"]
Params:[(2024-04-09 14:31:06.223422,33,2024-04-09 14:31:06.223422,UNKNOWN,31,0)]
Hibernate: 
    insert 
    into
        user_friend
        (created_at, from_id, modified_at, status, to_id, version) 
    values
        (?, ?, ?, ?, ?, ?)

Name:DATA_SOURCE_PROXY, Connection:7, Time:2, Success:True
Type:Prepared, Batch:False, QuerySize:1, BatchSize:0
Query:["
    insert 
    into
        user_friend
        (created_at, from_id, modified_at, status, to_id, version) 
    values
        (?, ?, ?, ?, ?, ?)"]
Params:[(2024-04-09 14:31:06.225537,34,2024-04-09 14:31:06.225537,UNKNOWN,31,0)]
Hibernate: 
    insert 
    into
        user_friend
        (created_at, from_id, modified_at, status, to_id, version) 
    values
        (?, ?, ?, ?, ?, ?)

Name:DATA_SOURCE_PROXY, Connection:7, Time:2, Success:True
Type:Prepared, Batch:False, QuerySize:1, BatchSize:0
Query:["
    insert 
    into
        user_friend
        (created_at, from_id, modified_at, status, to_id, version) 
    values
        (?, ?, ?, ?, ?, ?)"]
Params:[(2024-04-09 14:31:06.227606,35,2024-04-09 14:31:06.227606,UNKNOWN,31,0)]
Hibernate: 
    insert 
    into
        user_friend
        (created_at, from_id, modified_at, status, to_id, version) 
    values
        (?, ?, ?, ?, ?, ?)

Name:DATA_SOURCE_PROXY, Connection:7, Time:3, Success:True
Type:Prepared, Batch:False, QuerySize:1, BatchSize:0
Query:["
    insert 
    into
        user_friend
        (created_at, from_id, modified_at, status, to_id, version) 
    values
        (?, ?, ?, ?, ?, ?)"]
Params:[(2024-04-09 14:31:06.229692,36,2024-04-09 14:31:06.229692,ACCEPT,31,0)]
Hibernate: 
    select
        t1_0.id,
        t1_0.baby_months,
        t1_0.email,
        t1_0.email_verified,
        t1_0.first,
        t1_0.issuer,
        t1_0.last,
        t1_0.subject,
        t1_0.content,
        t1_0.created_at,
        t1_0.modified_at,
        t1_0.username,
        t1_0.version 
    from
        user_friend uf1_0 
    join
        users u1_0 
            on u1_0.id=uf1_0.from_id 
    join
        users t1_0 
            on t1_0.id=uf1_0.to_id 
    where
        u1_0.username=? 
        and uf1_0.status=?

Name:DATA_SOURCE_PROXY, Connection:7, Time:2, Success:True
Type:Prepared, Batch:False, QuerySize:1, BatchSize:0
Query:["
    select
        t1_0.id,
        t1_0.baby_months,
        t1_0.email,
        t1_0.email_verified,
        t1_0.first,
        t1_0.issuer,
        t1_0.last,
        t1_0.subject,
        t1_0.content,
        t1_0.created_at,
        t1_0.modified_at,
        t1_0.username,
        t1_0.version 
    from
        user_friend uf1_0 
    join
        users u1_0 
            on u1_0.id=uf1_0.from_id 
    join
        users t1_0 
            on t1_0.id=uf1_0.to_id 
    where
        u1_0.username=? 
        and uf1_0.status=?"]
Params:[(test0,REQUEST)]
Hibernate: 
    insert 
    into
        users
        (baby_months, email, email_verified, first, issuer, last, subject, content, created_at, modified_at, username, version) 
    values
        (?, ?, ?, ?, ?, ?, ?, ?, ?, ?, ?, ?)

Name:DATA_SOURCE_PROXY, Connection:8, Time:3, Success:True
Type:Prepared, Batch:False, QuerySize:1, BatchSize:0
Query:["
    insert 
    into
        users
        (baby_months, email, email_verified, first, issuer, last, subject, content, created_at, modified_at, username, version) 
    values
        (?, ?, ?, ?, ?, ?, ?, ?, ?, ?, ?, ?)"]
Params:[(115,IZGPFORD,true,HMEMHECP,TMEAZBSPPM,TLRJC,POJ,TZNXE,2024-04-09 14:31:06.24415,2024-04-09 14:31:06.24415,test0,5202)]
Hibernate: 
    insert 
    into
        users
        (baby_months, email, email_verified, first, issuer, last, subject, content, created_at, modified_at, username, version) 
    values
        (?, ?, ?, ?, ?, ?, ?, ?, ?, ?, ?, ?)

Name:DATA_SOURCE_PROXY, Connection:8, Time:1, Success:True
Type:Prepared, Batch:False, QuerySize:1, BatchSize:0
Query:["
    insert 
    into
        users
        (baby_months, email, email_verified, first, issuer, last, subject, content, created_at, modified_at, username, version) 
    values
        (?, ?, ?, ?, ?, ?, ?, ?, ?, ?, ?, ?)"]
Params:[(93,ZIHYUOEIVU,true,QSLEDXXTP,ZUBLZUZ,UFUAGB,EERCIC,L,2024-04-09 14:31:06.247707,2024-04-09 14:31:06.247707,test1,5722)]
Hibernate: 
    insert 
    into
        users
        (baby_months, email, email_verified, first, issuer, last, subject, content, created_at, modified_at, username, version) 
    values
        (?, ?, ?, ?, ?, ?, ?, ?, ?, ?, ?, ?)

Name:DATA_SOURCE_PROXY, Connection:8, Time:1, Success:True
Type:Prepared, Batch:False, QuerySize:1, BatchSize:0
Query:["
    insert 
    into
        users
        (baby_months, email, email_verified, first, issuer, last, subject, content, created_at, modified_at, username, version) 
    values
        (?, ?, ?, ?, ?, ?, ?, ?, ?, ?, ?, ?)"]
Params:[(154,BWTBACADDD,false,CGBPEHM,OUKHDRXWRV,FQFD,XXBQZWJBI,XZNDPCPLE,2024-04-09 14:31:06.2499,2024-04-09 14:31:06.2499,test2,6784)]
Hibernate: 
    insert 
    into
        users
        (baby_months, email, email_verified, first, issuer, last, subject, content, created_at, modified_at, username, version) 
    values
        (?, ?, ?, ?, ?, ?, ?, ?, ?, ?, ?, ?)

Name:DATA_SOURCE_PROXY, Connection:8, Time:2, Success:True
Type:Prepared, Batch:False, QuerySize:1, BatchSize:0
Query:["
    insert 
    into
        users
        (baby_months, email, email_verified, first, issuer, last, subject, content, created_at, modified_at, username, version) 
    values
        (?, ?, ?, ?, ?, ?, ?, ?, ?, ?, ?, ?)"]
Params:[(69,QCVMVNSL,true,VFK,SYZUOUVU,JPTCUBGRBK,HXSPJZTS,YRKG,2024-04-09 14:31:06.251842,2024-04-09 14:31:06.251842,test3,5648)]
Hibernate: 
    insert 
    into
        users
        (baby_months, email, email_verified, first, issuer, last, subject, content, created_at, modified_at, username, version) 
    values
        (?, ?, ?, ?, ?, ?, ?, ?, ?, ?, ?, ?)

Name:DATA_SOURCE_PROXY, Connection:8, Time:3, Success:True
Type:Prepared, Batch:False, QuerySize:1, BatchSize:0
Query:["
    insert 
    into
        users
        (baby_months, email, email_verified, first, issuer, last, subject, content, created_at, modified_at, username, version) 
    values
        (?, ?, ?, ?, ?, ?, ?, ?, ?, ?, ?, ?)"]
Params:[(149,MGDDZA,true,UKSHZH,PGGCZ,TVUSHNBJ,QGPSOZO,GRHDO,2024-04-09 14:31:06.254445,2024-04-09 14:31:06.254445,test4,6542)]
Hibernate: 
    insert 
    into
        users
        (baby_months, email, email_verified, first, issuer, last, subject, content, created_at, modified_at, username, version) 
    values
        (?, ?, ?, ?, ?, ?, ?, ?, ?, ?, ?, ?)

Name:DATA_SOURCE_PROXY, Connection:8, Time:1, Success:True
Type:Prepared, Batch:False, QuerySize:1, BatchSize:0
Query:["
    insert 
    into
        users
        (baby_months, email, email_verified, first, issuer, last, subject, content, created_at, modified_at, username, version) 
    values
        (?, ?, ?, ?, ?, ?, ?, ?, ?, ?, ?, ?)"]
Params:[(53,ZOWG,false,RUNIJIQ,XZTTWJI,BRBJYQXPZI,RBWYWV,TEUOD,2024-04-09 14:31:06.257632,2024-04-09 14:31:06.257632,test5,5290)]
Hibernate: 
    insert 
    into
        users
        (baby_months, email, email_verified, first, issuer, last, subject, content, created_at, modified_at, username, version) 
    values
        (?, ?, ?, ?, ?, ?, ?, ?, ?, ?, ?, ?)

Name:DATA_SOURCE_PROXY, Connection:8, Time:1, Success:True
Type:Prepared, Batch:False, QuerySize:1, BatchSize:0
Query:["
    insert 
    into
        users
        (baby_months, email, email_verified, first, issuer, last, subject, content, created_at, modified_at, username, version) 
    values
        (?, ?, ?, ?, ?, ?, ?, ?, ?, ?, ?, ?)"]
Params:[(297,TDZQCRUGON,false,PYA,UWS,YXAQ,BQWNON,QIBRPEPS,2024-04-09 14:31:06.259895,2024-04-09 14:31:06.259895,test6,7317)]
Hibernate: 
    insert 
    into
        users
        (baby_months, email, email_verified, first, issuer, last, subject, content, created_at, modified_at, username, version) 
    values
        (?, ?, ?, ?, ?, ?, ?, ?, ?, ?, ?, ?)

Name:DATA_SOURCE_PROXY, Connection:8, Time:4, Success:True
Type:Prepared, Batch:False, QuerySize:1, BatchSize:0
Query:["
    insert 
    into
        users
        (baby_months, email, email_verified, first, issuer, last, subject, content, created_at, modified_at, username, version) 
    values
        (?, ?, ?, ?, ?, ?, ?, ?, ?, ?, ?, ?)"]
Params:[(115,PTJMCZZ,false,EHFAFI,UDOUZS,AYJAEOELLT,MXRU,SAOBOB,2024-04-09 14:31:06.262186,2024-04-09 14:31:06.262186,test7,4862)]
Hibernate: 
    insert 
    into
        users
        (baby_months, email, email_verified, first, issuer, last, subject, content, created_at, modified_at, username, version) 
    values
        (?, ?, ?, ?, ?, ?, ?, ?, ?, ?, ?, ?)

Name:DATA_SOURCE_PROXY, Connection:8, Time:2, Success:True
Type:Prepared, Batch:False, QuerySize:1, BatchSize:0
Query:["
    insert 
    into
        users
        (baby_months, email, email_verified, first, issuer, last, subject, content, created_at, modified_at, username, version) 
    values
        (?, ?, ?, ?, ?, ?, ?, ?, ?, ?, ?, ?)"]
Params:[(29,VJLPEKQP,true,KHC,LOOWDWP,WIHBBDOCOO,LUYISMN,GSDVYLYJPL,2024-04-09 14:31:06.267717,2024-04-09 14:31:06.267717,test8,5730)]
Hibernate: 
    insert 
    into
        users
        (baby_months, email, email_verified, first, issuer, last, subject, content, created_at, modified_at, username, version) 
    values
        (?, ?, ?, ?, ?, ?, ?, ?, ?, ?, ?, ?)

Name:DATA_SOURCE_PROXY, Connection:8, Time:2, Success:True
Type:Prepared, Batch:False, QuerySize:1, BatchSize:0
Query:["
    insert 
    into
        users
        (baby_months, email, email_verified, first, issuer, last, subject, content, created_at, modified_at, username, version) 
    values
        (?, ?, ?, ?, ?, ?, ?, ?, ?, ?, ?, ?)"]
Params:[(79,OGANTAUG,true,XMIPVCJVXW,TDDWTPOFZ,NXAKQ,QIPKYXYI,GDJVYS,2024-04-09 14:31:06.270787,2024-04-09 14:31:06.270787,test9,123)]
Hibernate: 
    update
        users 
    set
        baby_months=?,
        email=?,
        email_verified=?,
        first=?,
        issuer=?,
        last=?,
        subject=?,
        content=?,
        modified_at=?,
        username=?,
        version=? 
    where
        id=? 
        and version=?

Name:DATA_SOURCE_PROXY, Connection:8, Time:3, Success:True
Type:Prepared, Batch:False, QuerySize:1, BatchSize:0
Query:["
    update
        users 
    set
        baby_months=?,
        email=?,
        email_verified=?,
        first=?,
        issuer=?,
        last=?,
        subject=?,
        content=?,
        modified_at=?,
        username=?,
        version=? 
    where
        id=? 
        and version=?"]
Params:[(115,IZGPFORD,true,HMEMHECP,TMEAZBSPPM,TLRJC,POJ,TZNXE,2024-04-09 14:31:06.279504,test0,5203,41,5202)]
Hibernate: 
    update
        users 
    set
        baby_months=?,
        email=?,
        email_verified=?,
        first=?,
        issuer=?,
        last=?,
        subject=?,
        content=?,
        modified_at=?,
        username=?,
        version=? 
    where
        id=? 
        and version=?

Name:DATA_SOURCE_PROXY, Connection:8, Time:1, Success:True
Type:Prepared, Batch:False, QuerySize:1, BatchSize:0
Query:["
    update
        users 
    set
        baby_months=?,
        email=?,
        email_verified=?,
        first=?,
        issuer=?,
        last=?,
        subject=?,
        content=?,
        modified_at=?,
        username=?,
        version=? 
    where
        id=? 
        and version=?"]
Params:[(93,ZIHYUOEIVU,true,QSLEDXXTP,ZUBLZUZ,UFUAGB,EERCIC,L,2024-04-09 14:31:06.279648,test1,5723,42,5722)]
Hibernate: 
    update
        users 
    set
        baby_months=?,
        email=?,
        email_verified=?,
        first=?,
        issuer=?,
        last=?,
        subject=?,
        content=?,
        modified_at=?,
        username=?,
        version=? 
    where
        id=? 
        and version=?

Name:DATA_SOURCE_PROXY, Connection:8, Time:1, Success:True
Type:Prepared, Batch:False, QuerySize:1, BatchSize:0
Query:["
    update
        users 
    set
        baby_months=?,
        email=?,
        email_verified=?,
        first=?,
        issuer=?,
        last=?,
        subject=?,
        content=?,
        modified_at=?,
        username=?,
        version=? 
    where
        id=? 
        and version=?"]
Params:[(154,BWTBACADDD,false,CGBPEHM,OUKHDRXWRV,FQFD,XXBQZWJBI,XZNDPCPLE,2024-04-09 14:31:06.279724,test2,6785,43,6784)]
Hibernate: 
    update
        users 
    set
        baby_months=?,
        email=?,
        email_verified=?,
        first=?,
        issuer=?,
        last=?,
        subject=?,
        content=?,
        modified_at=?,
        username=?,
        version=? 
    where
        id=? 
        and version=?

Name:DATA_SOURCE_PROXY, Connection:8, Time:2, Success:True
Type:Prepared, Batch:False, QuerySize:1, BatchSize:0
Query:["
    update
        users 
    set
        baby_months=?,
        email=?,
        email_verified=?,
        first=?,
        issuer=?,
        last=?,
        subject=?,
        content=?,
        modified_at=?,
        username=?,
        version=? 
    where
        id=? 
        and version=?"]
Params:[(69,QCVMVNSL,true,VFK,SYZUOUVU,JPTCUBGRBK,HXSPJZTS,YRKG,2024-04-09 14:31:06.27981,test3,5649,44,5648)]
Hibernate: 
    update
        users 
    set
        baby_months=?,
        email=?,
        email_verified=?,
        first=?,
        issuer=?,
        last=?,
        subject=?,
        content=?,
        modified_at=?,
        username=?,
        version=? 
    where
        id=? 
        and version=?

Name:DATA_SOURCE_PROXY, Connection:8, Time:3, Success:True
Type:Prepared, Batch:False, QuerySize:1, BatchSize:0
Query:["
    update
        users 
    set
        baby_months=?,
        email=?,
        email_verified=?,
        first=?,
        issuer=?,
        last=?,
        subject=?,
        content=?,
        modified_at=?,
        username=?,
        version=? 
    where
        id=? 
        and version=?"]
Params:[(149,MGDDZA,true,UKSHZH,PGGCZ,TVUSHNBJ,QGPSOZO,GRHDO,2024-04-09 14:31:06.279883,test4,6543,45,6542)]
Hibernate: 
    update
        users 
    set
        baby_months=?,
        email=?,
        email_verified=?,
        first=?,
        issuer=?,
        last=?,
        subject=?,
        content=?,
        modified_at=?,
        username=?,
        version=? 
    where
        id=? 
        and version=?

Name:DATA_SOURCE_PROXY, Connection:8, Time:1, Success:True
Type:Prepared, Batch:False, QuerySize:1, BatchSize:0
Query:["
    update
        users 
    set
        baby_months=?,
        email=?,
        email_verified=?,
        first=?,
        issuer=?,
        last=?,
        subject=?,
        content=?,
        modified_at=?,
        username=?,
        version=? 
    where
        id=? 
        and version=?"]
Params:[(53,ZOWG,false,RUNIJIQ,XZTTWJI,BRBJYQXPZI,RBWYWV,TEUOD,2024-04-09 14:31:06.279949,test5,5291,46,5290)]
Hibernate: 
    update
        users 
    set
        baby_months=?,
        email=?,
        email_verified=?,
        first=?,
        issuer=?,
        last=?,
        subject=?,
        content=?,
        modified_at=?,
        username=?,
        version=? 
    where
        id=? 
        and version=?

Name:DATA_SOURCE_PROXY, Connection:8, Time:5, Success:True
Type:Prepared, Batch:False, QuerySize:1, BatchSize:0
Query:["
    update
        users 
    set
        baby_months=?,
        email=?,
        email_verified=?,
        first=?,
        issuer=?,
        last=?,
        subject=?,
        content=?,
        modified_at=?,
        username=?,
        version=? 
    where
        id=? 
        and version=?"]
Params:[(297,TDZQCRUGON,false,PYA,UWS,YXAQ,BQWNON,QIBRPEPS,2024-04-09 14:31:06.280024,test6,7318,47,7317)]
Hibernate: 
    update
        users 
    set
        baby_months=?,
        email=?,
        email_verified=?,
        first=?,
        issuer=?,
        last=?,
        subject=?,
        content=?,
        modified_at=?,
        username=?,
        version=? 
    where
        id=? 
        and version=?

Name:DATA_SOURCE_PROXY, Connection:8, Time:4, Success:True
Type:Prepared, Batch:False, QuerySize:1, BatchSize:0
Query:["
    update
        users 
    set
        baby_months=?,
        email=?,
        email_verified=?,
        first=?,
        issuer=?,
        last=?,
        subject=?,
        content=?,
        modified_at=?,
        username=?,
        version=? 
    where
        id=? 
        and version=?"]
Params:[(115,PTJMCZZ,false,EHFAFI,UDOUZS,AYJAEOELLT,MXRU,SAOBOB,2024-04-09 14:31:06.280096,test7,4863,48,4862)]
Hibernate: 
    update
        users 
    set
        baby_months=?,
        email=?,
        email_verified=?,
        first=?,
        issuer=?,
        last=?,
        subject=?,
        content=?,
        modified_at=?,
        username=?,
        version=? 
    where
        id=? 
        and version=?

Name:DATA_SOURCE_PROXY, Connection:8, Time:3, Success:True
Type:Prepared, Batch:False, QuerySize:1, BatchSize:0
Query:["
    update
        users 
    set
        baby_months=?,
        email=?,
        email_verified=?,
        first=?,
        issuer=?,
        last=?,
        subject=?,
        content=?,
        modified_at=?,
        username=?,
        version=? 
    where
        id=? 
        and version=?"]
Params:[(29,VJLPEKQP,true,KHC,LOOWDWP,WIHBBDOCOO,LUYISMN,GSDVYLYJPL,2024-04-09 14:31:06.280164,test8,5731,49,5730)]
Hibernate: 
    update
        users 
    set
        baby_months=?,
        email=?,
        email_verified=?,
        first=?,
        issuer=?,
        last=?,
        subject=?,
        content=?,
        modified_at=?,
        username=?,
        version=? 
    where
        id=? 
        and version=?

Name:DATA_SOURCE_PROXY, Connection:8, Time:1, Success:True
Type:Prepared, Batch:False, QuerySize:1, BatchSize:0
Query:["
    update
        users 
    set
        baby_months=?,
        email=?,
        email_verified=?,
        first=?,
        issuer=?,
        last=?,
        subject=?,
        content=?,
        modified_at=?,
        username=?,
        version=? 
    where
        id=? 
        and version=?"]
Params:[(79,OGANTAUG,true,XMIPVCJVXW,TDDWTPOFZ,NXAKQ,QIPKYXYI,GDJVYS,2024-04-09 14:31:06.28024,test9,124,50,123)]
Hibernate: 
    select
        u1_0.id,
        a1_0.user_id,
        a1_0.id,
        a1_0.address_id,
        a1_0.created_at,
        a1_0.modified_at,
        a1_0.status,
        a1_0.version,
        u1_0.baby_months,
        u1_0.email,
        u1_0.email_verified,
        u1_0.first,
        u1_0.issuer,
        u1_0.last,
        u1_0.subject,
        u1_0.content,
        u1_0.created_at,
        u1_0.modified_at,
        u1_0.username,
        u1_0.version 
    from
        users u1_0 
    left join
        user_address a1_0 
            on u1_0.id=a1_0.user_id 
    where
        u1_0.username in (?, ?, ?, ?, ?)

Name:DATA_SOURCE_PROXY, Connection:8, Time:4, Success:True
Type:Prepared, Batch:False, QuerySize:1, BatchSize:0
Query:["
    select
        u1_0.id,
        a1_0.user_id,
        a1_0.id,
        a1_0.address_id,
        a1_0.created_at,
        a1_0.modified_at,
        a1_0.status,
        a1_0.version,
        u1_0.baby_months,
        u1_0.email,
        u1_0.email_verified,
        u1_0.first,
        u1_0.issuer,
        u1_0.last,
        u1_0.subject,
        u1_0.content,
        u1_0.created_at,
        u1_0.modified_at,
        u1_0.username,
        u1_0.version 
    from
        users u1_0 
    left join
        user_address a1_0 
            on u1_0.id=a1_0.user_id 
    where
        u1_0.username in (?, ?, ?, ?, ?)"]
Params:[(test0,test1,test2,test3,test4)]
Hibernate: 
    select
        u1_0.id,
        u1_0.baby_months,
        u1_0.email,
        u1_0.email_verified,
        u1_0.first,
        u1_0.issuer,
        u1_0.last,
        u1_0.subject,
        u1_0.content,
        u1_0.created_at,
        f1_0.user_id,
        f1_0.id,
        f1_0.created_at,
        f1_0.key,
        f1_0.type,
        f1_0.status,
        f1_0.modified_at,
        f1_0.version,
        u1_0.modified_at,
        u1_0.username,
        u1_0.version 
    from
        users u1_0 
    left join
        user_file f1_0 
            on u1_0.id=f1_0.user_id 
    where
        u1_0.id in (?, ?, ?, ?, ?)

Name:DATA_SOURCE_PROXY, Connection:8, Time:3, Success:True
Type:Prepared, Batch:False, QuerySize:1, BatchSize:0
Query:["
    select
        u1_0.id,
        u1_0.baby_months,
        u1_0.email,
        u1_0.email_verified,
        u1_0.first,
        u1_0.issuer,
        u1_0.last,
        u1_0.subject,
        u1_0.content,
        u1_0.created_at,
        f1_0.user_id,
        f1_0.id,
        f1_0.created_at,
        f1_0.key,
        f1_0.type,
        f1_0.status,
        f1_0.modified_at,
        f1_0.version,
        u1_0.modified_at,
        u1_0.username,
        u1_0.version 
    from
        users u1_0 
    left join
        user_file f1_0 
            on u1_0.id=f1_0.user_id 
    where
        u1_0.id in (?, ?, ?, ?, ?)"]
Params:[(42,41,44,45,43)]
Hibernate: 
    insert 
    into
        users
        (baby_months, email, email_verified, first, issuer, last, subject, content, created_at, modified_at, username, version) 
    values
        (?, ?, ?, ?, ?, ?, ?, ?, ?, ?, ?, ?)

Name:DATA_SOURCE_PROXY, Connection:9, Time:2, Success:True
Type:Prepared, Batch:False, QuerySize:1, BatchSize:0
Query:["
    insert 
    into
        users
        (baby_months, email, email_verified, first, issuer, last, subject, content, created_at, modified_at, username, version) 
    values
        (?, ?, ?, ?, ?, ?, ?, ?, ?, ?, ?, ?)"]
Params:[(248,DZALEVUIF,false,VDAJNU,DGL,RZREGKGXQ,UPW,ELNZSSBRT,2024-04-09 14:31:06.331773,2024-04-09 14:31:06.331773,test0,6237)]
Hibernate: 
    insert 
    into
        users
        (baby_months, email, email_verified, first, issuer, last, subject, content, created_at, modified_at, username, version) 
    values
        (?, ?, ?, ?, ?, ?, ?, ?, ?, ?, ?, ?)

Name:DATA_SOURCE_PROXY, Connection:9, Time:1, Success:True
Type:Prepared, Batch:False, QuerySize:1, BatchSize:0
Query:["
    insert 
    into
        users
        (baby_months, email, email_verified, first, issuer, last, subject, content, created_at, modified_at, username, version) 
    values
        (?, ?, ?, ?, ?, ?, ?, ?, ?, ?, ?, ?)"]
Params:[(242,IRMXDCWC,true,WRORID,FFQIP,DOTLDH,TIIXYBYZEI,UTV,2024-04-09 14:31:06.335017,2024-04-09 14:31:06.335017,test1,6658)]
Hibernate: 
    insert 
    into
        users
        (baby_months, email, email_verified, first, issuer, last, subject, content, created_at, modified_at, username, version) 
    values
        (?, ?, ?, ?, ?, ?, ?, ?, ?, ?, ?, ?)

Name:DATA_SOURCE_PROXY, Connection:9, Time:2, Success:True
Type:Prepared, Batch:False, QuerySize:1, BatchSize:0
Query:["
    insert 
    into
        users
        (baby_months, email, email_verified, first, issuer, last, subject, content, created_at, modified_at, username, version) 
    values
        (?, ?, ?, ?, ?, ?, ?, ?, ?, ?, ?, ?)"]
Params:[(287,XGPZFBMOH,false,ILGUKVV,PJDDMXVPZ,MXVJUESL,LWVSQ,LFPXP,2024-04-09 14:31:06.337322,2024-04-09 14:31:06.337322,test2,7489)]
Hibernate: 
    insert 
    into
        users
        (baby_months, email, email_verified, first, issuer, last, subject, content, created_at, modified_at, username, version) 
    values
        (?, ?, ?, ?, ?, ?, ?, ?, ?, ?, ?, ?)

Name:DATA_SOURCE_PROXY, Connection:9, Time:1, Success:True
Type:Prepared, Batch:False, QuerySize:1, BatchSize:0
Query:["
    insert 
    into
        users
        (baby_months, email, email_verified, first, issuer, last, subject, content, created_at, modified_at, username, version) 
    values
        (?, ?, ?, ?, ?, ?, ?, ?, ?, ?, ?, ?)"]
Params:[(128,GKPXENVTJZ,false,OWKXPPGX,GKMTJ,ZGEA,SQGR,CCTTSJQ,2024-04-09 14:31:06.340338,2024-04-09 14:31:06.340338,test3,11)]
Hibernate: 
    insert 
    into
        users
        (baby_months, email, email_verified, first, issuer, last, subject, content, created_at, modified_at, username, version) 
    values
        (?, ?, ?, ?, ?, ?, ?, ?, ?, ?, ?, ?)

Name:DATA_SOURCE_PROXY, Connection:9, Time:1, Success:True
Type:Prepared, Batch:False, QuerySize:1, BatchSize:0
Query:["
    insert 
    into
        users
        (baby_months, email, email_verified, first, issuer, last, subject, content, created_at, modified_at, username, version) 
    values
        (?, ?, ?, ?, ?, ?, ?, ?, ?, ?, ?, ?)"]
Params:[(247,KTYA,true,MJKPEC,SRHKFS,GOSVDMCOUS,DBBHJT,C,2024-04-09 14:31:06.343154,2024-04-09 14:31:06.343154,test4,9881)]
Hibernate: 
    insert 
    into
        users
        (baby_months, email, email_verified, first, issuer, last, subject, content, created_at, modified_at, username, version) 
    values
        (?, ?, ?, ?, ?, ?, ?, ?, ?, ?, ?, ?)

Name:DATA_SOURCE_PROXY, Connection:9, Time:2, Success:True
Type:Prepared, Batch:False, QuerySize:1, BatchSize:0
Query:["
    insert 
    into
        users
        (baby_months, email, email_verified, first, issuer, last, subject, content, created_at, modified_at, username, version) 
    values
        (?, ?, ?, ?, ?, ?, ?, ?, ?, ?, ?, ?)"]
Params:[(202,QWZCPBNGFO,true,EITTAIBVX,XEEYEG,CADJF,RLS,M,2024-04-09 14:31:06.345232,2024-04-09 14:31:06.345232,test5,3897)]
Hibernate: 
    insert 
    into
        users
        (baby_months, email, email_verified, first, issuer, last, subject, content, created_at, modified_at, username, version) 
    values
        (?, ?, ?, ?, ?, ?, ?, ?, ?, ?, ?, ?)

Name:DATA_SOURCE_PROXY, Connection:9, Time:1, Success:True
Type:Prepared, Batch:False, QuerySize:1, BatchSize:0
Query:["
    insert 
    into
        users
        (baby_months, email, email_verified, first, issuer, last, subject, content, created_at, modified_at, username, version) 
    values
        (?, ?, ?, ?, ?, ?, ?, ?, ?, ?, ?, ?)"]
Params:[(167,XUIKFKI,false,VVTOEHHTK,PIELSFOBTB,TRKE,COGY,UERZYEPC,2024-04-09 14:31:06.347726,2024-04-09 14:31:06.347726,test6,6123)]
Hibernate: 
    insert 
    into
        users
        (baby_months, email, email_verified, first, issuer, last, subject, content, created_at, modified_at, username, version) 
    values
        (?, ?, ?, ?, ?, ?, ?, ?, ?, ?, ?, ?)

Name:DATA_SOURCE_PROXY, Connection:9, Time:2, Success:True
Type:Prepared, Batch:False, QuerySize:1, BatchSize:0
Query:["
    insert 
    into
        users
        (baby_months, email, email_verified, first, issuer, last, subject, content, created_at, modified_at, username, version) 
    values
        (?, ?, ?, ?, ?, ?, ?, ?, ?, ?, ?, ?)"]
Params:[(13,KLAEIHZN,true,RHJLGMS,VQNORUB,JWEZ,UFZ,NX,2024-04-09 14:31:06.349603,2024-04-09 14:31:06.349603,test7,1754)]
Hibernate: 
    insert 
    into
        users
        (baby_months, email, email_verified, first, issuer, last, subject, content, created_at, modified_at, username, version) 
    values
        (?, ?, ?, ?, ?, ?, ?, ?, ?, ?, ?, ?)

Name:DATA_SOURCE_PROXY, Connection:9, Time:3, Success:True
Type:Prepared, Batch:False, QuerySize:1, BatchSize:0
Query:["
    insert 
    into
        users
        (baby_months, email, email_verified, first, issuer, last, subject, content, created_at, modified_at, username, version) 
    values
        (?, ?, ?, ?, ?, ?, ?, ?, ?, ?, ?, ?)"]
Params:[(189,AJPPQCA,false,YQEOGH,MEEMZEXPC,GGL,YCDXXJBGJ,XJCNEU,2024-04-09 14:31:06.351621,2024-04-09 14:31:06.351621,test8,6031)]
Hibernate: 
    insert 
    into
        users
        (baby_months, email, email_verified, first, issuer, last, subject, content, created_at, modified_at, username, version) 
    values
        (?, ?, ?, ?, ?, ?, ?, ?, ?, ?, ?, ?)

Name:DATA_SOURCE_PROXY, Connection:9, Time:2, Success:True
Type:Prepared, Batch:False, QuerySize:1, BatchSize:0
Query:["
    insert 
    into
        users
        (baby_months, email, email_verified, first, issuer, last, subject, content, created_at, modified_at, username, version) 
    values
        (?, ?, ?, ?, ?, ?, ?, ?, ?, ?, ?, ?)"]
Params:[(15,OAVOBSEVK,true,DSSHGKSIOD,TPPQSSWA,XOSXFM,AIERK,HMDN,2024-04-09 14:31:06.354681,2024-04-09 14:31:06.354681,test9,4731)]
Hibernate: 
    update
        users 
    set
        baby_months=?,
        email=?,
        email_verified=?,
        first=?,
        issuer=?,
        last=?,
        subject=?,
        content=?,
        modified_at=?,
        username=?,
        version=? 
    where
        id=? 
        and version=?

Name:DATA_SOURCE_PROXY, Connection:9, Time:1, Success:True
Type:Prepared, Batch:False, QuerySize:1, BatchSize:0
Query:["
    update
        users 
    set
        baby_months=?,
        email=?,
        email_verified=?,
        first=?,
        issuer=?,
        last=?,
        subject=?,
        content=?,
        modified_at=?,
        username=?,
        version=? 
    where
        id=? 
        and version=?"]
Params:[(248,DZALEVUIF,false,VDAJNU,DGL,RZREGKGXQ,UPW,ELNZSSBRT,2024-04-09 14:31:06.358938,test0,6238,51,6237)]
Hibernate: 
    update
        users 
    set
        baby_months=?,
        email=?,
        email_verified=?,
        first=?,
        issuer=?,
        last=?,
        subject=?,
        content=?,
        modified_at=?,
        username=?,
        version=? 
    where
        id=? 
        and version=?

Name:DATA_SOURCE_PROXY, Connection:9, Time:1, Success:True
Type:Prepared, Batch:False, QuerySize:1, BatchSize:0
Query:["
    update
        users 
    set
        baby_months=?,
        email=?,
        email_verified=?,
        first=?,
        issuer=?,
        last=?,
        subject=?,
        content=?,
        modified_at=?,
        username=?,
        version=? 
    where
        id=? 
        and version=?"]
Params:[(242,IRMXDCWC,true,WRORID,FFQIP,DOTLDH,TIIXYBYZEI,UTV,2024-04-09 14:31:06.359082,test1,6659,52,6658)]
Hibernate: 
    update
        users 
    set
        baby_months=?,
        email=?,
        email_verified=?,
        first=?,
        issuer=?,
        last=?,
        subject=?,
        content=?,
        modified_at=?,
        username=?,
        version=? 
    where
        id=? 
        and version=?

Name:DATA_SOURCE_PROXY, Connection:9, Time:1, Success:True
Type:Prepared, Batch:False, QuerySize:1, BatchSize:0
Query:["
    update
        users 
    set
        baby_months=?,
        email=?,
        email_verified=?,
        first=?,
        issuer=?,
        last=?,
        subject=?,
        content=?,
        modified_at=?,
        username=?,
        version=? 
    where
        id=? 
        and version=?"]
Params:[(287,XGPZFBMOH,false,ILGUKVV,PJDDMXVPZ,MXVJUESL,LWVSQ,LFPXP,2024-04-09 14:31:06.359152,test2,7490,53,7489)]
Hibernate: 
    update
        users 
    set
        baby_months=?,
        email=?,
        email_verified=?,
        first=?,
        issuer=?,
        last=?,
        subject=?,
        content=?,
        modified_at=?,
        username=?,
        version=? 
    where
        id=? 
        and version=?

Name:DATA_SOURCE_PROXY, Connection:9, Time:1, Success:True
Type:Prepared, Batch:False, QuerySize:1, BatchSize:0
Query:["
    update
        users 
    set
        baby_months=?,
        email=?,
        email_verified=?,
        first=?,
        issuer=?,
        last=?,
        subject=?,
        content=?,
        modified_at=?,
        username=?,
        version=? 
    where
        id=? 
        and version=?"]
Params:[(128,GKPXENVTJZ,false,OWKXPPGX,GKMTJ,ZGEA,SQGR,CCTTSJQ,2024-04-09 14:31:06.359335,test3,12,54,11)]
Hibernate: 
    update
        users 
    set
        baby_months=?,
        email=?,
        email_verified=?,
        first=?,
        issuer=?,
        last=?,
        subject=?,
        content=?,
        modified_at=?,
        username=?,
        version=? 
    where
        id=? 
        and version=?

Name:DATA_SOURCE_PROXY, Connection:9, Time:1, Success:True
Type:Prepared, Batch:False, QuerySize:1, BatchSize:0
Query:["
    update
        users 
    set
        baby_months=?,
        email=?,
        email_verified=?,
        first=?,
        issuer=?,
        last=?,
        subject=?,
        content=?,
        modified_at=?,
        username=?,
        version=? 
    where
        id=? 
        and version=?"]
Params:[(247,KTYA,true,MJKPEC,SRHKFS,GOSVDMCOUS,DBBHJT,C,2024-04-09 14:31:06.359478,test4,9882,55,9881)]
Hibernate: 
    update
        users 
    set
        baby_months=?,
        email=?,
        email_verified=?,
        first=?,
        issuer=?,
        last=?,
        subject=?,
        content=?,
        modified_at=?,
        username=?,
        version=? 
    where
        id=? 
        and version=?

Name:DATA_SOURCE_PROXY, Connection:9, Time:1, Success:True
Type:Prepared, Batch:False, QuerySize:1, BatchSize:0
Query:["
    update
        users 
    set
        baby_months=?,
        email=?,
        email_verified=?,
        first=?,
        issuer=?,
        last=?,
        subject=?,
        content=?,
        modified_at=?,
        username=?,
        version=? 
    where
        id=? 
        and version=?"]
Params:[(202,QWZCPBNGFO,true,EITTAIBVX,XEEYEG,CADJF,RLS,M,2024-04-09 14:31:06.359555,test5,3898,56,3897)]
Hibernate: 
    update
        users 
    set
        baby_months=?,
        email=?,
        email_verified=?,
        first=?,
        issuer=?,
        last=?,
        subject=?,
        content=?,
        modified_at=?,
        username=?,
        version=? 
    where
        id=? 
        and version=?

Name:DATA_SOURCE_PROXY, Connection:9, Time:2, Success:True
Type:Prepared, Batch:False, QuerySize:1, BatchSize:0
Query:["
    update
        users 
    set
        baby_months=?,
        email=?,
        email_verified=?,
        first=?,
        issuer=?,
        last=?,
        subject=?,
        content=?,
        modified_at=?,
        username=?,
        version=? 
    where
        id=? 
        and version=?"]
Params:[(167,XUIKFKI,false,VVTOEHHTK,PIELSFOBTB,TRKE,COGY,UERZYEPC,2024-04-09 14:31:06.359623,test6,6124,57,6123)]
Hibernate: 
    update
        users 
    set
        baby_months=?,
        email=?,
        email_verified=?,
        first=?,
        issuer=?,
        last=?,
        subject=?,
        content=?,
        modified_at=?,
        username=?,
        version=? 
    where
        id=? 
        and version=?

Name:DATA_SOURCE_PROXY, Connection:9, Time:2, Success:True
Type:Prepared, Batch:False, QuerySize:1, BatchSize:0
Query:["
    update
        users 
    set
        baby_months=?,
        email=?,
        email_verified=?,
        first=?,
        issuer=?,
        last=?,
        subject=?,
        content=?,
        modified_at=?,
        username=?,
        version=? 
    where
        id=? 
        and version=?"]
Params:[(13,KLAEIHZN,true,RHJLGMS,VQNORUB,JWEZ,UFZ,NX,2024-04-09 14:31:06.359692,test7,1755,58,1754)]
Hibernate: 
    update
        users 
    set
        baby_months=?,
        email=?,
        email_verified=?,
        first=?,
        issuer=?,
        last=?,
        subject=?,
        content=?,
        modified_at=?,
        username=?,
        version=? 
    where
        id=? 
        and version=?

Name:DATA_SOURCE_PROXY, Connection:9, Time:2, Success:True
Type:Prepared, Batch:False, QuerySize:1, BatchSize:0
Query:["
    update
        users 
    set
        baby_months=?,
        email=?,
        email_verified=?,
        first=?,
        issuer=?,
        last=?,
        subject=?,
        content=?,
        modified_at=?,
        username=?,
        version=? 
    where
        id=? 
        and version=?"]
Params:[(189,AJPPQCA,false,YQEOGH,MEEMZEXPC,GGL,YCDXXJBGJ,XJCNEU,2024-04-09 14:31:06.359759,test8,6032,59,6031)]
Hibernate: 
    update
        users 
    set
        baby_months=?,
        email=?,
        email_verified=?,
        first=?,
        issuer=?,
        last=?,
        subject=?,
        content=?,
        modified_at=?,
        username=?,
        version=? 
    where
        id=? 
        and version=?

Name:DATA_SOURCE_PROXY, Connection:9, Time:1, Success:True
Type:Prepared, Batch:False, QuerySize:1, BatchSize:0
Query:["
    update
        users 
    set
        baby_months=?,
        email=?,
        email_verified=?,
        first=?,
        issuer=?,
        last=?,
        subject=?,
        content=?,
        modified_at=?,
        username=?,
        version=? 
    where
        id=? 
        and version=?"]
Params:[(15,OAVOBSEVK,true,DSSHGKSIOD,TPPQSSWA,XOSXFM,AIERK,HMDN,2024-04-09 14:31:06.359845,test9,4732,60,4731)]
Hibernate: 
    select
        distinct u1_0.id,
        a1_0.user_id,
        a1_0.id,
        a1_0.address_id,
        a1_0.created_at,
        a1_0.modified_at,
        a1_0.status,
        a1_0.version,
        u1_0.baby_months,
        u1_0.email,
        u1_0.email_verified,
        u1_0.first,
        u1_0.issuer,
        u1_0.last,
        u1_0.subject,
        u1_0.content,
        u1_0.created_at,
        u1_0.modified_at,
        u1_0.username,
        u1_0.version 
    from
        users u1_0 
    left join
        user_address a1_0 
            on u1_0.id=a1_0.user_id 
    where
        u1_0.username=?

Name:DATA_SOURCE_PROXY, Connection:9, Time:2, Success:True
Type:Prepared, Batch:False, QuerySize:1, BatchSize:0
Query:["
    select
        distinct u1_0.id,
        a1_0.user_id,
        a1_0.id,
        a1_0.address_id,
        a1_0.created_at,
        a1_0.modified_at,
        a1_0.status,
        a1_0.version,
        u1_0.baby_months,
        u1_0.email,
        u1_0.email_verified,
        u1_0.first,
        u1_0.issuer,
        u1_0.last,
        u1_0.subject,
        u1_0.content,
        u1_0.created_at,
        u1_0.modified_at,
        u1_0.username,
        u1_0.version 
    from
        users u1_0 
    left join
        user_address a1_0 
            on u1_0.id=a1_0.user_id 
    where
        u1_0.username=?"]
Params:[(아무거나)]
]]></system-out>
  <system-err><![CDATA[]]></system-err>
</testsuite>
