<?xml version="1.0" encoding="UTF-8"?>
<testsuite name="com.mj.mysns.user.entity.UserTest" tests="5" skipped="0" failures="0" errors="0" timestamp="2024-04-09T05:31:00" hostname="gimminje-ui-MacBookPro.local" time="0.01">
  <properties/>
  <testcase name="testAddUserAddress()" classname="com.mj.mysns.user.entity.UserTest" time="0.009"/>
  <testcase name="toUserProfile()" classname="com.mj.mysns.user.entity.UserTest" time="0.0"/>
  <testcase name="addUserFile()" classname="com.mj.mysns.user.entity.UserTest" time="0.001"/>
  <testcase name="requestFriend()" classname="com.mj.mysns.user.entity.UserTest" time="0.0"/>
  <testcase name="acceptFriend()" classname="com.mj.mysns.user.entity.UserTest" time="0.0"/>
  <system-out><![CDATA[]]></system-out>
  <system-err><![CDATA[]]></system-err>
</testsuite>
